<?xml version="1.0" encoding="utf-8" standalone="no"?>
<test-run id="2" testcasecount="127" result="Skipped" label="Ignored" total="127" passed="113" failed="0" inconclusive="0" skipped="14" asserts="60" engine-version="3.4.0.0" clr-version="4.0.30319.42000" start-time="2018-06-23 16:03:07Z" end-time="2018-06-23 16:03:20Z" duration="12.674141">
  <command-line><![CDATA[/Users/ChaseFlorell/Projects/crossql/tools/NUnit.ConsoleRunner.3.4.0/tools/nunit3-console.exe /Users/ChaseFlorell/Projects/crossql/tests/crossql.tests/bin/Release/net462/crossql.tests.dll --result=/Users/ChaseFlorell/Projects/crossql/artifacts/test-results.xml]]></command-line>
  <test-suite type="Assembly" id="0-1190" name="crossql.tests.dll" fullname="/Users/ChaseFlorell/Projects/crossql/tests/crossql.tests/bin/Release/net462/crossql.tests.dll" runstate="Runnable" testcasecount="127" result="Skipped" label="Ignored" site="Child" start-time="2018-06-23 16:03:07Z" end-time="2018-06-23 16:03:20Z" duration="12.561091" total="127" passed="113" failed="0" warnings="0" inconclusive="0" skipped="14" asserts="60">
    <environment framework-version="3.10.1.0" clr-version="4.0.30319.42000" os-version="MacOSX 17.6.0.0" platform="Unix" cwd="/Users/ChaseFlorell/Projects/crossql" machine-name="Frodo" user="ChaseFlorell" user-domain="Frodo" culture="en-CA" uiculture="en-CA" os-architecture="x64" />
    <settings>
      <setting name="WorkDirectory" value="/Users/ChaseFlorell/Projects/crossql" />
      <setting name="ImageRuntimeVersion" value="4.0.30319" />
      <setting name="ImageTargetFrameworkName" value=".NETFramework,Version=v4.6.2" />
      <setting name="ImageRequiresX86" value="False" />
      <setting name="ImageRequiresDefaultAppDomainAssemblyResolver" value="False" />
      <setting name="NumberOfTestWorkers" value="8" />
    </settings>
    <properties>
      <property name="_PID" value="9533" />
      <property name="_APPDOMAIN" value="test-domain-" />
    </properties>
    <reason>
      <message><![CDATA[One or more child tests were ignored]]></message>
    </reason>
    <test-suite type="TestSuite" id="0-1191" name="crossql" fullname="crossql" runstate="Runnable" testcasecount="127" result="Skipped" label="Ignored" site="Child" start-time="2018-06-23 16:03:07Z" end-time="2018-06-23 16:03:20Z" duration="12.548223" total="127" passed="113" failed="0" warnings="0" inconclusive="0" skipped="14" asserts="60">
      <reason>
        <message><![CDATA[One or more child tests were ignored]]></message>
      </reason>
      <test-suite type="TestSuite" id="0-1192" name="tests" fullname="crossql.tests" runstate="Runnable" testcasecount="127" result="Skipped" label="Ignored" site="Child" start-time="2018-06-23 16:03:07Z" end-time="2018-06-23 16:03:20Z" duration="12.547880" total="127" passed="113" failed="0" warnings="0" inconclusive="0" skipped="14" asserts="60">
        <reason>
          <message><![CDATA[One or more child tests were ignored]]></message>
        </reason>
        <test-suite type="TestSuite" id="0-1196" name="Integration" fullname="crossql.tests.Integration" runstate="Runnable" testcasecount="70" result="Skipped" label="Ignored" site="Child" start-time="2018-06-23 16:03:07Z" end-time="2018-06-23 16:03:20Z" duration="12.508167" total="70" passed="58" failed="0" warnings="0" inconclusive="0" skipped="12" asserts="12">
          <reason>
            <message><![CDATA[One or more child tests were ignored]]></message>
          </reason>
          <test-suite type="TestFixture" id="0-1077" name="InflectionTests" fullname="crossql.tests.Integration.InflectionTests" classname="crossql.tests.Integration.InflectionTests" runstate="Runnable" testcasecount="2" result="Passed" start-time="2018-06-23 16:03:07Z" end-time="2018-06-23 16:03:10Z" duration="2.081142" total="2" passed="2" failed="0" warnings="0" inconclusive="0" skipped="0" asserts="0">
            <test-suite type="ParameterizedMethod" id="0-1080" name="Should_Do_Crud_On_Model_Object_With_Inflected_Pluralization" fullname="crossql.tests.Integration.InflectionTests.Should_Do_Crud_On_Model_Object_With_Inflected_Pluralization" classname="crossql.tests.Integration.InflectionTests" runstate="Runnable" testcasecount="2" result="Passed" start-time="2018-06-23 16:03:09Z" end-time="2018-06-23 16:03:10Z" duration="0.111207" total="2" passed="2" failed="0" warnings="0" inconclusive="0" skipped="0" asserts="0">
              <test-case id="0-1078" name="Should_Do_Crud_On_Model_Object_With_Inflected_Pluralization(crossql.sqlite.DbProvider)" fullname="crossql.tests.Integration.InflectionTests.Should_Do_Crud_On_Model_Object_With_Inflected_Pluralization(crossql.sqlite.DbProvider)" methodname="Should_Do_Crud_On_Model_Object_With_Inflected_Pluralization" classname="crossql.tests.Integration.InflectionTests" runstate="Runnable" seed="749468468" result="Passed" start-time="2018-06-23 16:03:09Z" end-time="2018-06-23 16:03:10Z" duration="0.072751" asserts="0" />
              <test-case id="0-1079" name="Should_Do_Crud_On_Model_Object_With_Inflected_Pluralization(crossql.mssqlserver.DbProvider)" fullname="crossql.tests.Integration.InflectionTests.Should_Do_Crud_On_Model_Object_With_Inflected_Pluralization(crossql.mssqlserver.DbProvider)" methodname="Should_Do_Crud_On_Model_Object_With_Inflected_Pluralization" classname="crossql.tests.Integration.InflectionTests" runstate="Runnable" seed="1714634759" result="Passed" start-time="2018-06-23 16:03:10Z" end-time="2018-06-23 16:03:10Z" duration="0.032722" asserts="0" />
            </test-suite>
          </test-suite>
          <test-suite type="TestFixture" id="0-1081" name="IntegrationTests" fullname="crossql.tests.Integration.IntegrationTests" classname="crossql.tests.Integration.IntegrationTests" runstate="Runnable" testcasecount="22" result="Skipped" label="Ignored" site="Child" start-time="2018-06-23 16:03:10Z" end-time="2018-06-23 16:03:11Z" duration="0.991580" total="22" passed="10" failed="0" warnings="0" inconclusive="0" skipped="12" asserts="12">
            <reason>
              <message><![CDATA[One or more child tests were ignored]]></message>
            </reason>
            <test-suite type="ParameterizedMethod" id="0-1099" name="ShouldCreateBookWithReferenceToItsAuthor" fullname="crossql.tests.Integration.IntegrationTests.ShouldCreateBookWithReferenceToItsAuthor" classname="crossql.tests.Integration.IntegrationTests" runstate="Ignored" testcasecount="2" result="Skipped" label="Ignored" site="SetUp" start-time="2018-06-23 16:03:10Z" end-time="2018-06-23 16:03:10Z" duration="0.001330" total="2" passed="0" failed="0" warnings="0" inconclusive="0" skipped="2" asserts="0">
              <properties>
                <property name="_SKIPREASON" value="Aarg, gotta figure this out" />
              </properties>
              <reason>
                <message><![CDATA[Aarg, gotta figure this out]]></message>
              </reason>
              <test-case id="0-1097" name="ShouldCreateBookWithReferenceToItsAuthor(crossql.sqlite.DbProvider)" fullname="crossql.tests.Integration.IntegrationTests.ShouldCreateBookWithReferenceToItsAuthor(crossql.sqlite.DbProvider)" methodname="ShouldCreateBookWithReferenceToItsAuthor" classname="crossql.tests.Integration.IntegrationTests" runstate="Runnable" seed="1325085074" result="Skipped" label="Ignored" site="Parent" start-time="0001-01-01 00:00:00Z" end-time="0001-01-01 00:00:00Z" duration="0.000000" asserts="0">
                <reason>
                  <message><![CDATA[OneTimeSetUp: Aarg, gotta figure this out]]></message>
                </reason>
              </test-case>
              <test-case id="0-1098" name="ShouldCreateBookWithReferenceToItsAuthor(crossql.mssqlserver.DbProvider)" fullname="crossql.tests.Integration.IntegrationTests.ShouldCreateBookWithReferenceToItsAuthor(crossql.mssqlserver.DbProvider)" methodname="ShouldCreateBookWithReferenceToItsAuthor" classname="crossql.tests.Integration.IntegrationTests" runstate="Runnable" seed="1461152415" result="Skipped" label="Ignored" site="Parent" start-time="0001-01-01 00:00:00Z" end-time="0001-01-01 00:00:00Z" duration="0.000000" asserts="0">
                <reason>
                  <message><![CDATA[OneTimeSetUp: Aarg, gotta figure this out]]></message>
                </reason>
              </test-case>
            </test-suite>
            <test-suite type="ParameterizedMethod" id="0-1084" name="ShouldDeleteAUserByEmailAddress" fullname="crossql.tests.Integration.IntegrationTests.ShouldDeleteAUserByEmailAddress" classname="crossql.tests.Integration.IntegrationTests" runstate="Runnable" testcasecount="2" result="Passed" start-time="2018-06-23 16:03:10Z" end-time="2018-06-23 16:03:10Z" duration="0.025952" total="2" passed="2" failed="0" warnings="0" inconclusive="0" skipped="0" asserts="2">
              <test-case id="0-1082" name="ShouldDeleteAUserByEmailAddress(crossql.sqlite.DbProvider)" fullname="crossql.tests.Integration.IntegrationTests.ShouldDeleteAUserByEmailAddress(crossql.sqlite.DbProvider)" methodname="ShouldDeleteAUserByEmailAddress" classname="crossql.tests.Integration.IntegrationTests" runstate="Runnable" seed="1857791198" result="Passed" start-time="2018-06-23 16:03:10Z" end-time="2018-06-23 16:03:10Z" duration="0.011053" asserts="1" />
              <test-case id="0-1083" name="ShouldDeleteAUserByEmailAddress(crossql.mssqlserver.DbProvider)" fullname="crossql.tests.Integration.IntegrationTests.ShouldDeleteAUserByEmailAddress(crossql.mssqlserver.DbProvider)" methodname="ShouldDeleteAUserByEmailAddress" classname="crossql.tests.Integration.IntegrationTests" runstate="Runnable" seed="1441198714" result="Passed" start-time="2018-06-23 16:03:10Z" end-time="2018-06-23 16:03:10Z" duration="0.014694" asserts="1" />
            </test-suite>
            <test-suite type="ParameterizedMethod" id="0-1087" name="ShouldDoCrud" fullname="crossql.tests.Integration.IntegrationTests.ShouldDoCrud" classname="crossql.tests.Integration.IntegrationTests" runstate="Ignored" testcasecount="2" result="Skipped" label="Ignored" site="SetUp" start-time="2018-06-23 16:03:10Z" end-time="2018-06-23 16:03:10Z" duration="0.000024" total="2" passed="0" failed="0" warnings="0" inconclusive="0" skipped="2" asserts="0">
              <properties>
                <property name="_SKIPREASON" value="Aarg, gotta figure this out" />
              </properties>
              <reason>
                <message><![CDATA[Aarg, gotta figure this out]]></message>
              </reason>
              <test-case id="0-1085" name="ShouldDoCrud(crossql.sqlite.DbProvider)" fullname="crossql.tests.Integration.IntegrationTests.ShouldDoCrud(crossql.sqlite.DbProvider)" methodname="ShouldDoCrud" classname="crossql.tests.Integration.IntegrationTests" runstate="Runnable" seed="1487857418" result="Skipped" label="Ignored" site="Parent" start-time="0001-01-01 00:00:00Z" end-time="0001-01-01 00:00:00Z" duration="0.000000" asserts="0">
                <reason>
                  <message><![CDATA[OneTimeSetUp: Aarg, gotta figure this out]]></message>
                </reason>
              </test-case>
              <test-case id="0-1086" name="ShouldDoCrud(crossql.mssqlserver.DbProvider)" fullname="crossql.tests.Integration.IntegrationTests.ShouldDoCrud(crossql.mssqlserver.DbProvider)" methodname="ShouldDoCrud" classname="crossql.tests.Integration.IntegrationTests" runstate="Runnable" seed="1859813637" result="Skipped" label="Ignored" site="Parent" start-time="0001-01-01 00:00:00Z" end-time="0001-01-01 00:00:00Z" duration="0.000000" asserts="0">
                <reason>
                  <message><![CDATA[OneTimeSetUp: Aarg, gotta figure this out]]></message>
                </reason>
              </test-case>
            </test-suite>
            <test-suite type="ParameterizedMethod" id="0-1090" name="ShouldDoCrudWithGeese" fullname="crossql.tests.Integration.IntegrationTests.ShouldDoCrudWithGeese" classname="crossql.tests.Integration.IntegrationTests" runstate="Ignored" testcasecount="2" result="Skipped" label="Ignored" site="SetUp" start-time="2018-06-23 16:03:10Z" end-time="2018-06-23 16:03:10Z" duration="0.000010" total="2" passed="0" failed="0" warnings="0" inconclusive="0" skipped="2" asserts="0">
              <properties>
                <property name="_SKIPREASON" value="Aarg, gotta figure this out" />
              </properties>
              <reason>
                <message><![CDATA[Aarg, gotta figure this out]]></message>
              </reason>
              <test-case id="0-1088" name="ShouldDoCrudWithGeese(crossql.sqlite.DbProvider)" fullname="crossql.tests.Integration.IntegrationTests.ShouldDoCrudWithGeese(crossql.sqlite.DbProvider)" methodname="ShouldDoCrudWithGeese" classname="crossql.tests.Integration.IntegrationTests" runstate="Runnable" seed="289654093" result="Skipped" label="Ignored" site="Parent" start-time="0001-01-01 00:00:00Z" end-time="0001-01-01 00:00:00Z" duration="0.000000" asserts="0">
                <reason>
                  <message><![CDATA[OneTimeSetUp: Aarg, gotta figure this out]]></message>
                </reason>
              </test-case>
              <test-case id="0-1089" name="ShouldDoCrudWithGeese(crossql.mssqlserver.DbProvider)" fullname="crossql.tests.Integration.IntegrationTests.ShouldDoCrudWithGeese(crossql.mssqlserver.DbProvider)" methodname="ShouldDoCrudWithGeese" classname="crossql.tests.Integration.IntegrationTests" runstate="Runnable" seed="881745235" result="Skipped" label="Ignored" site="Parent" start-time="0001-01-01 00:00:00Z" end-time="0001-01-01 00:00:00Z" duration="0.000000" asserts="0">
                <reason>
                  <message><![CDATA[OneTimeSetUp: Aarg, gotta figure this out]]></message>
                </reason>
              </test-case>
            </test-suite>
            <test-suite type="ParameterizedMethod" id="0-1096" name="ShouldFindUsersUsingSameFieldTwice" fullname="crossql.tests.Integration.IntegrationTests.ShouldFindUsersUsingSameFieldTwice" classname="crossql.tests.Integration.IntegrationTests" runstate="Ignored" testcasecount="2" result="Skipped" label="Ignored" site="SetUp" start-time="2018-06-23 16:03:10Z" end-time="2018-06-23 16:03:10Z" duration="0.000008" total="2" passed="0" failed="0" warnings="0" inconclusive="0" skipped="2" asserts="0">
              <properties>
                <property name="_SKIPREASON" value="Aarg, gotta figure this out" />
              </properties>
              <reason>
                <message><![CDATA[Aarg, gotta figure this out]]></message>
              </reason>
              <test-case id="0-1094" name="ShouldFindUsersUsingSameFieldTwice(crossql.sqlite.DbProvider)" fullname="crossql.tests.Integration.IntegrationTests.ShouldFindUsersUsingSameFieldTwice(crossql.sqlite.DbProvider)" methodname="ShouldFindUsersUsingSameFieldTwice" classname="crossql.tests.Integration.IntegrationTests" runstate="Runnable" seed="1249437811" result="Skipped" label="Ignored" site="Parent" start-time="0001-01-01 00:00:00Z" end-time="0001-01-01 00:00:00Z" duration="0.000000" asserts="0">
                <reason>
                  <message><![CDATA[OneTimeSetUp: Aarg, gotta figure this out]]></message>
                </reason>
              </test-case>
              <test-case id="0-1095" name="ShouldFindUsersUsingSameFieldTwice(crossql.mssqlserver.DbProvider)" fullname="crossql.tests.Integration.IntegrationTests.ShouldFindUsersUsingSameFieldTwice(crossql.mssqlserver.DbProvider)" methodname="ShouldFindUsersUsingSameFieldTwice" classname="crossql.tests.Integration.IntegrationTests" runstate="Runnable" seed="1271597620" result="Skipped" label="Ignored" site="Parent" start-time="0001-01-01 00:00:00Z" end-time="0001-01-01 00:00:00Z" duration="0.000000" asserts="0">
                <reason>
                  <message><![CDATA[OneTimeSetUp: Aarg, gotta figure this out]]></message>
                </reason>
              </test-case>
            </test-suite>
            <test-suite type="ParameterizedMethod" id="0-1102" name="ShouldFindUsersWithLikeAndEqualsComparers" fullname="crossql.tests.Integration.IntegrationTests.ShouldFindUsersWithLikeAndEqualsComparers" classname="crossql.tests.Integration.IntegrationTests" runstate="Ignored" testcasecount="2" result="Skipped" label="Ignored" site="SetUp" start-time="2018-06-23 16:03:10Z" end-time="2018-06-23 16:03:10Z" duration="0.000008" total="2" passed="0" failed="0" warnings="0" inconclusive="0" skipped="2" asserts="0">
              <properties>
                <property name="_SKIPREASON" value="Aarg, gotta figure this out" />
              </properties>
              <reason>
                <message><![CDATA[Aarg, gotta figure this out]]></message>
              </reason>
              <test-case id="0-1100" name="ShouldFindUsersWithLikeAndEqualsComparers(crossql.sqlite.DbProvider)" fullname="crossql.tests.Integration.IntegrationTests.ShouldFindUsersWithLikeAndEqualsComparers(crossql.sqlite.DbProvider)" methodname="ShouldFindUsersWithLikeAndEqualsComparers" classname="crossql.tests.Integration.IntegrationTests" runstate="Runnable" seed="1547063027" result="Skipped" label="Ignored" site="Parent" start-time="0001-01-01 00:00:00Z" end-time="0001-01-01 00:00:00Z" duration="0.000000" asserts="0">
                <reason>
                  <message><![CDATA[OneTimeSetUp: Aarg, gotta figure this out]]></message>
                </reason>
              </test-case>
              <test-case id="0-1101" name="ShouldFindUsersWithLikeAndEqualsComparers(crossql.mssqlserver.DbProvider)" fullname="crossql.tests.Integration.IntegrationTests.ShouldFindUsersWithLikeAndEqualsComparers(crossql.mssqlserver.DbProvider)" methodname="ShouldFindUsersWithLikeAndEqualsComparers" classname="crossql.tests.Integration.IntegrationTests" runstate="Runnable" seed="1944421457" result="Skipped" label="Ignored" site="Parent" start-time="0001-01-01 00:00:00Z" end-time="0001-01-01 00:00:00Z" duration="0.000000" asserts="0">
                <reason>
                  <message><![CDATA[OneTimeSetUp: Aarg, gotta figure this out]]></message>
                </reason>
              </test-case>
            </test-suite>
            <test-suite type="ParameterizedMethod" id="0-1093" name="ShouldFindUserWithDateComparer" fullname="crossql.tests.Integration.IntegrationTests.ShouldFindUserWithDateComparer" classname="crossql.tests.Integration.IntegrationTests" runstate="Ignored" testcasecount="2" result="Skipped" label="Ignored" site="SetUp" start-time="2018-06-23 16:03:10Z" end-time="2018-06-23 16:03:10Z" duration="0.000007" total="2" passed="0" failed="0" warnings="0" inconclusive="0" skipped="2" asserts="0">
              <properties>
                <property name="_SKIPREASON" value="Aarg, gotta figure this out" />
              </properties>
              <reason>
                <message><![CDATA[Aarg, gotta figure this out]]></message>
              </reason>
              <test-case id="0-1091" name="ShouldFindUserWithDateComparer(crossql.sqlite.DbProvider)" fullname="crossql.tests.Integration.IntegrationTests.ShouldFindUserWithDateComparer(crossql.sqlite.DbProvider)" methodname="ShouldFindUserWithDateComparer" classname="crossql.tests.Integration.IntegrationTests" runstate="Runnable" seed="468228800" result="Skipped" label="Ignored" site="Parent" start-time="0001-01-01 00:00:00Z" end-time="0001-01-01 00:00:00Z" duration="0.000000" asserts="0">
                <reason>
                  <message><![CDATA[OneTimeSetUp: Aarg, gotta figure this out]]></message>
                </reason>
              </test-case>
              <test-case id="0-1092" name="ShouldFindUserWithDateComparer(crossql.mssqlserver.DbProvider)" fullname="crossql.tests.Integration.IntegrationTests.ShouldFindUserWithDateComparer(crossql.mssqlserver.DbProvider)" methodname="ShouldFindUserWithDateComparer" classname="crossql.tests.Integration.IntegrationTests" runstate="Runnable" seed="1912394392" result="Skipped" label="Ignored" site="Parent" start-time="0001-01-01 00:00:00Z" end-time="0001-01-01 00:00:00Z" duration="0.000000" asserts="0">
                <reason>
                  <message><![CDATA[OneTimeSetUp: Aarg, gotta figure this out]]></message>
                </reason>
              </test-case>
            </test-suite>
            <test-suite type="ParameterizedMethod" id="0-1105" name="ShouldGetAllUsers" fullname="crossql.tests.Integration.IntegrationTests.ShouldGetAllUsers" classname="crossql.tests.Integration.IntegrationTests" runstate="Runnable" testcasecount="2" result="Passed" start-time="2018-06-23 16:03:10Z" end-time="2018-06-23 16:03:11Z" duration="0.009198" total="2" passed="2" failed="0" warnings="0" inconclusive="0" skipped="0" asserts="2">
              <test-case id="0-1103" name="ShouldGetAllUsers(crossql.sqlite.DbProvider)" fullname="crossql.tests.Integration.IntegrationTests.ShouldGetAllUsers(crossql.sqlite.DbProvider)" methodname="ShouldGetAllUsers" classname="crossql.tests.Integration.IntegrationTests" runstate="Runnable" seed="1426491136" result="Passed" start-time="2018-06-23 16:03:10Z" end-time="2018-06-23 16:03:10Z" duration="0.006021" asserts="1" />
              <test-case id="0-1104" name="ShouldGetAllUsers(crossql.mssqlserver.DbProvider)" fullname="crossql.tests.Integration.IntegrationTests.ShouldGetAllUsers(crossql.mssqlserver.DbProvider)" methodname="ShouldGetAllUsers" classname="crossql.tests.Integration.IntegrationTests" runstate="Runnable" seed="905581694" result="Passed" start-time="2018-06-23 16:03:10Z" end-time="2018-06-23 16:03:11Z" duration="0.003017" asserts="1" />
            </test-suite>
            <test-suite type="ParameterizedMethod" id="0-1108" name="ShouldGetUserById" fullname="crossql.tests.Integration.IntegrationTests.ShouldGetUserById" classname="crossql.tests.Integration.IntegrationTests" runstate="Runnable" testcasecount="2" result="Passed" start-time="2018-06-23 16:03:11Z" end-time="2018-06-23 16:03:11Z" duration="0.019959" total="2" passed="2" failed="0" warnings="0" inconclusive="0" skipped="0" asserts="4">
              <test-case id="0-1106" name="ShouldGetUserById(crossql.sqlite.DbProvider)" fullname="crossql.tests.Integration.IntegrationTests.ShouldGetUserById(crossql.sqlite.DbProvider)" methodname="ShouldGetUserById" classname="crossql.tests.Integration.IntegrationTests" runstate="Runnable" seed="2132464685" result="Passed" start-time="2018-06-23 16:03:11Z" end-time="2018-06-23 16:03:11Z" duration="0.012494" asserts="2" />
              <test-case id="0-1107" name="ShouldGetUserById(crossql.mssqlserver.DbProvider)" fullname="crossql.tests.Integration.IntegrationTests.ShouldGetUserById(crossql.mssqlserver.DbProvider)" methodname="ShouldGetUserById" classname="crossql.tests.Integration.IntegrationTests" runstate="Runnable" seed="857148696" result="Passed" start-time="2018-06-23 16:03:11Z" end-time="2018-06-23 16:03:11Z" duration="0.007247" asserts="2" />
            </test-suite>
            <test-suite type="ParameterizedMethod" id="0-1114" name="ShouldReturnMinDateTimeFromEmptyTable" fullname="crossql.tests.Integration.IntegrationTests.ShouldReturnMinDateTimeFromEmptyTable" classname="crossql.tests.Integration.IntegrationTests" runstate="Runnable" testcasecount="2" result="Passed" start-time="2018-06-23 16:03:11Z" end-time="2018-06-23 16:03:11Z" duration="0.016165" total="2" passed="2" failed="0" warnings="0" inconclusive="0" skipped="0" asserts="2">
              <test-case id="0-1112" name="ShouldReturnMinDateTimeFromEmptyTable(crossql.sqlite.DbProvider)" fullname="crossql.tests.Integration.IntegrationTests.ShouldReturnMinDateTimeFromEmptyTable(crossql.sqlite.DbProvider)" methodname="ShouldReturnMinDateTimeFromEmptyTable" classname="crossql.tests.Integration.IntegrationTests" runstate="Runnable" seed="1461158042" result="Passed" start-time="2018-06-23 16:03:11Z" end-time="2018-06-23 16:03:11Z" duration="0.006900" asserts="1" />
              <test-case id="0-1113" name="ShouldReturnMinDateTimeFromEmptyTable(crossql.mssqlserver.DbProvider)" fullname="crossql.tests.Integration.IntegrationTests.ShouldReturnMinDateTimeFromEmptyTable(crossql.mssqlserver.DbProvider)" methodname="ShouldReturnMinDateTimeFromEmptyTable" classname="crossql.tests.Integration.IntegrationTests" runstate="Runnable" seed="320978787" result="Passed" start-time="2018-06-23 16:03:11Z" end-time="2018-06-23 16:03:11Z" duration="0.009061" asserts="1" />
            </test-suite>
            <test-suite type="ParameterizedMethod" id="0-1111" name="ShouldSelectMaxCreatedDate" fullname="crossql.tests.Integration.IntegrationTests.ShouldSelectMaxCreatedDate" classname="crossql.tests.Integration.IntegrationTests" runstate="Runnable" testcasecount="2" result="Passed" start-time="2018-06-23 16:03:11Z" end-time="2018-06-23 16:03:11Z" duration="0.006096" total="2" passed="2" failed="0" warnings="0" inconclusive="0" skipped="0" asserts="2">
              <test-case id="0-1109" name="ShouldSelectMaxCreatedDate(crossql.sqlite.DbProvider)" fullname="crossql.tests.Integration.IntegrationTests.ShouldSelectMaxCreatedDate(crossql.sqlite.DbProvider)" methodname="ShouldSelectMaxCreatedDate" classname="crossql.tests.Integration.IntegrationTests" runstate="Runnable" seed="213134196" result="Passed" start-time="2018-06-23 16:03:11Z" end-time="2018-06-23 16:03:11Z" duration="0.003595" asserts="1" />
              <test-case id="0-1110" name="ShouldSelectMaxCreatedDate(crossql.mssqlserver.DbProvider)" fullname="crossql.tests.Integration.IntegrationTests.ShouldSelectMaxCreatedDate(crossql.mssqlserver.DbProvider)" methodname="ShouldSelectMaxCreatedDate" classname="crossql.tests.Integration.IntegrationTests" runstate="Runnable" seed="1132657800" result="Passed" start-time="2018-06-23 16:03:11Z" end-time="2018-06-23 16:03:11Z" duration="0.002275" asserts="1" />
            </test-suite>
          </test-suite>
          <test-suite type="TestFixture" id="0-1115" name="ManyToManyTests" fullname="crossql.tests.Integration.ManyToManyTests" classname="crossql.tests.Integration.ManyToManyTests" runstate="Runnable" testcasecount="6" result="Passed" start-time="2018-06-23 16:03:11Z" end-time="2018-06-23 16:03:12Z" duration="1.112755" total="6" passed="6" failed="0" warnings="0" inconclusive="0" skipped="0" asserts="0">
            <test-suite type="ParameterizedMethod" id="0-1121" name="Should_Add_Records_To_ManyToMany_Relationship" fullname="crossql.tests.Integration.ManyToManyTests.Should_Add_Records_To_ManyToMany_Relationship" classname="crossql.tests.Integration.ManyToManyTests" runstate="Runnable" testcasecount="2" result="Passed" start-time="2018-06-23 16:03:11Z" end-time="2018-06-23 16:03:12Z" duration="0.134322" total="2" passed="2" failed="0" warnings="0" inconclusive="0" skipped="0" asserts="0">
              <test-case id="0-1119" name="Should_Add_Records_To_ManyToMany_Relationship(crossql.sqlite.DbProvider)" fullname="crossql.tests.Integration.ManyToManyTests.Should_Add_Records_To_ManyToMany_Relationship(crossql.sqlite.DbProvider)" methodname="Should_Add_Records_To_ManyToMany_Relationship" classname="crossql.tests.Integration.ManyToManyTests" runstate="Runnable" seed="157644668" result="Passed" start-time="2018-06-23 16:03:11Z" end-time="2018-06-23 16:03:12Z" duration="0.091657" asserts="0" />
              <test-case id="0-1120" name="Should_Add_Records_To_ManyToMany_Relationship(crossql.mssqlserver.DbProvider)" fullname="crossql.tests.Integration.ManyToManyTests.Should_Add_Records_To_ManyToMany_Relationship(crossql.mssqlserver.DbProvider)" methodname="Should_Add_Records_To_ManyToMany_Relationship" classname="crossql.tests.Integration.ManyToManyTests" runstate="Runnable" seed="1090411877" result="Passed" start-time="2018-06-23 16:03:12Z" end-time="2018-06-23 16:03:12Z" duration="0.042423" asserts="0" />
            </test-suite>
            <test-suite type="ParameterizedMethod" id="0-1118" name="Should_Create_Records_With_ManyToMany_Relationships" fullname="crossql.tests.Integration.ManyToManyTests.Should_Create_Records_With_ManyToMany_Relationships" classname="crossql.tests.Integration.ManyToManyTests" runstate="Runnable" testcasecount="2" result="Passed" start-time="2018-06-23 16:03:12Z" end-time="2018-06-23 16:03:12Z" duration="0.038787" total="2" passed="2" failed="0" warnings="0" inconclusive="0" skipped="0" asserts="0">
              <test-case id="0-1116" name="Should_Create_Records_With_ManyToMany_Relationships(crossql.sqlite.DbProvider)" fullname="crossql.tests.Integration.ManyToManyTests.Should_Create_Records_With_ManyToMany_Relationships(crossql.sqlite.DbProvider)" methodname="Should_Create_Records_With_ManyToMany_Relationships" classname="crossql.tests.Integration.ManyToManyTests" runstate="Runnable" seed="1116733986" result="Passed" start-time="2018-06-23 16:03:12Z" end-time="2018-06-23 16:03:12Z" duration="0.016836" asserts="0" />
              <test-case id="0-1117" name="Should_Create_Records_With_ManyToMany_Relationships(crossql.mssqlserver.DbProvider)" fullname="crossql.tests.Integration.ManyToManyTests.Should_Create_Records_With_ManyToMany_Relationships(crossql.mssqlserver.DbProvider)" methodname="Should_Create_Records_With_ManyToMany_Relationships" classname="crossql.tests.Integration.ManyToManyTests" runstate="Runnable" seed="1929026586" result="Passed" start-time="2018-06-23 16:03:12Z" end-time="2018-06-23 16:03:12Z" duration="0.021764" asserts="0" />
            </test-suite>
            <test-suite type="ParameterizedMethod" id="0-1124" name="Should_Remove_Records_From_ManyToMany_Relationship" fullname="crossql.tests.Integration.ManyToManyTests.Should_Remove_Records_From_ManyToMany_Relationship" classname="crossql.tests.Integration.ManyToManyTests" runstate="Runnable" testcasecount="2" result="Passed" start-time="2018-06-23 16:03:12Z" end-time="2018-06-23 16:03:12Z" duration="0.048234" total="2" passed="2" failed="0" warnings="0" inconclusive="0" skipped="0" asserts="0">
              <test-case id="0-1122" name="Should_Remove_Records_From_ManyToMany_Relationship(crossql.sqlite.DbProvider)" fullname="crossql.tests.Integration.ManyToManyTests.Should_Remove_Records_From_ManyToMany_Relationship(crossql.sqlite.DbProvider)" methodname="Should_Remove_Records_From_ManyToMany_Relationship" classname="crossql.tests.Integration.ManyToManyTests" runstate="Runnable" seed="2106066977" result="Passed" start-time="2018-06-23 16:03:12Z" end-time="2018-06-23 16:03:12Z" duration="0.020218" asserts="0" />
              <test-case id="0-1123" name="Should_Remove_Records_From_ManyToMany_Relationship(crossql.mssqlserver.DbProvider)" fullname="crossql.tests.Integration.ManyToManyTests.Should_Remove_Records_From_ManyToMany_Relationship(crossql.mssqlserver.DbProvider)" methodname="Should_Remove_Records_From_ManyToMany_Relationship" classname="crossql.tests.Integration.ManyToManyTests" runstate="Runnable" seed="1364410731" result="Passed" start-time="2018-06-23 16:03:12Z" end-time="2018-06-23 16:03:12Z" duration="0.027821" asserts="0" />
            </test-suite>
          </test-suite>
          <test-suite type="TestFixture" id="0-1125" name="ManyToManyTransactionTests" fullname="crossql.tests.Integration.ManyToManyTransactionTests" classname="crossql.tests.Integration.ManyToManyTransactionTests" runstate="Runnable" testcasecount="6" result="Passed" start-time="2018-06-23 16:03:12Z" end-time="2018-06-23 16:03:13Z" duration="1.022591" total="6" passed="6" failed="0" warnings="0" inconclusive="0" skipped="0" asserts="0">
            <test-suite type="ParameterizedMethod" id="0-1131" name="Should_Add_Records_To_ManyToMany_Relationship_Using_Transactions" fullname="crossql.tests.Integration.ManyToManyTransactionTests.Should_Add_Records_To_ManyToMany_Relationship_Using_Transactions" classname="crossql.tests.Integration.ManyToManyTransactionTests" runstate="Runnable" testcasecount="2" result="Passed" start-time="2018-06-23 16:03:13Z" end-time="2018-06-23 16:03:13Z" duration="0.073198" total="2" passed="2" failed="0" warnings="0" inconclusive="0" skipped="0" asserts="0">
              <test-case id="0-1129" name="Should_Add_Records_To_ManyToMany_Relationship_Using_Transactions(crossql.sqlite.DbProvider)" fullname="crossql.tests.Integration.ManyToManyTransactionTests.Should_Add_Records_To_ManyToMany_Relationship_Using_Transactions(crossql.sqlite.DbProvider)" methodname="Should_Add_Records_To_ManyToMany_Relationship_Using_Transactions" classname="crossql.tests.Integration.ManyToManyTransactionTests" runstate="Runnable" seed="1453408547" result="Passed" start-time="2018-06-23 16:03:13Z" end-time="2018-06-23 16:03:13Z" duration="0.014801" asserts="0" />
              <test-case id="0-1130" name="Should_Add_Records_To_ManyToMany_Relationship_Using_Transactions(crossql.mssqlserver.DbProvider)" fullname="crossql.tests.Integration.ManyToManyTransactionTests.Should_Add_Records_To_ManyToMany_Relationship_Using_Transactions(crossql.mssqlserver.DbProvider)" methodname="Should_Add_Records_To_ManyToMany_Relationship_Using_Transactions" classname="crossql.tests.Integration.ManyToManyTransactionTests" runstate="Runnable" seed="1634338196" result="Passed" start-time="2018-06-23 16:03:13Z" end-time="2018-06-23 16:03:13Z" duration="0.058164" asserts="0" />
            </test-suite>
            <test-suite type="ParameterizedMethod" id="0-1128" name="Should_Create_Records_With_ManyToMany_Relationships_Using_Transactions" fullname="crossql.tests.Integration.ManyToManyTransactionTests.Should_Create_Records_With_ManyToMany_Relationships_Using_Transactions" classname="crossql.tests.Integration.ManyToManyTransactionTests" runstate="Runnable" testcasecount="2" result="Passed" start-time="2018-06-23 16:03:13Z" end-time="2018-06-23 16:03:13Z" duration="0.029065" total="2" passed="2" failed="0" warnings="0" inconclusive="0" skipped="0" asserts="0">
              <test-case id="0-1126" name="Should_Create_Records_With_ManyToMany_Relationships_Using_Transactions(crossql.sqlite.DbProvider)" fullname="crossql.tests.Integration.ManyToManyTransactionTests.Should_Create_Records_With_ManyToMany_Relationships_Using_Transactions(crossql.sqlite.DbProvider)" methodname="Should_Create_Records_With_ManyToMany_Relationships_Using_Transactions" classname="crossql.tests.Integration.ManyToManyTransactionTests" runstate="Runnable" seed="460294654" result="Passed" start-time="2018-06-23 16:03:13Z" end-time="2018-06-23 16:03:13Z" duration="0.010373" asserts="0" />
              <test-case id="0-1127" name="Should_Create_Records_With_ManyToMany_Relationships_Using_Transactions(crossql.mssqlserver.DbProvider)" fullname="crossql.tests.Integration.ManyToManyTransactionTests.Should_Create_Records_With_ManyToMany_Relationships_Using_Transactions(crossql.mssqlserver.DbProvider)" methodname="Should_Create_Records_With_ManyToMany_Relationships_Using_Transactions" classname="crossql.tests.Integration.ManyToManyTransactionTests" runstate="Runnable" seed="1894384292" result="Passed" start-time="2018-06-23 16:03:13Z" end-time="2018-06-23 16:03:13Z" duration="0.018424" asserts="0" />
            </test-suite>
            <test-suite type="ParameterizedMethod" id="0-1134" name="Should_Remove_Records_From_ManyToMany_Relationship_Using_Transactions" fullname="crossql.tests.Integration.ManyToManyTransactionTests.Should_Remove_Records_From_ManyToMany_Relationship_Using_Transactions" classname="crossql.tests.Integration.ManyToManyTransactionTests" runstate="Runnable" testcasecount="2" result="Passed" start-time="2018-06-23 16:03:13Z" end-time="2018-06-23 16:03:13Z" duration="0.033893" total="2" passed="2" failed="0" warnings="0" inconclusive="0" skipped="0" asserts="0">
              <test-case id="0-1132" name="Should_Remove_Records_From_ManyToMany_Relationship_Using_Transactions(crossql.sqlite.DbProvider)" fullname="crossql.tests.Integration.ManyToManyTransactionTests.Should_Remove_Records_From_ManyToMany_Relationship_Using_Transactions(crossql.sqlite.DbProvider)" methodname="Should_Remove_Records_From_ManyToMany_Relationship_Using_Transactions" classname="crossql.tests.Integration.ManyToManyTransactionTests" runstate="Runnable" seed="2064209421" result="Passed" start-time="2018-06-23 16:03:13Z" end-time="2018-06-23 16:03:13Z" duration="0.011691" asserts="0" />
              <test-case id="0-1133" name="Should_Remove_Records_From_ManyToMany_Relationship_Using_Transactions(crossql.mssqlserver.DbProvider)" fullname="crossql.tests.Integration.ManyToManyTransactionTests.Should_Remove_Records_From_ManyToMany_Relationship_Using_Transactions(crossql.mssqlserver.DbProvider)" methodname="Should_Remove_Records_From_ManyToMany_Relationship_Using_Transactions" classname="crossql.tests.Integration.ManyToManyTransactionTests" runstate="Runnable" seed="901370230" result="Passed" start-time="2018-06-23 16:03:13Z" end-time="2018-06-23 16:03:13Z" duration="0.022010" asserts="0" />
            </test-suite>
          </test-suite>
          <test-suite type="TestFixture" id="0-1135" name="ManyToOneTests" fullname="crossql.tests.Integration.ManyToOneTests" classname="crossql.tests.Integration.ManyToOneTests" runstate="Runnable" testcasecount="6" result="Passed" start-time="2018-06-23 16:03:13Z" end-time="2018-06-23 16:03:14Z" duration="0.879312" total="6" passed="6" failed="0" warnings="0" inconclusive="0" skipped="0" asserts="0">
            <test-suite type="ParameterizedMethod" id="0-1138" name="Should_Create_Records_With_ManyToOne_Relationships" fullname="crossql.tests.Integration.ManyToOneTests.Should_Create_Records_With_ManyToOne_Relationships" classname="crossql.tests.Integration.ManyToOneTests" runstate="Runnable" testcasecount="2" result="Passed" start-time="2018-06-23 16:03:13Z" end-time="2018-06-23 16:03:14Z" duration="0.030902" total="2" passed="2" failed="0" warnings="0" inconclusive="0" skipped="0" asserts="0">
              <test-case id="0-1136" name="Should_Create_Records_With_ManyToOne_Relationships(crossql.sqlite.DbProvider)" fullname="crossql.tests.Integration.ManyToOneTests.Should_Create_Records_With_ManyToOne_Relationships(crossql.sqlite.DbProvider)" methodname="Should_Create_Records_With_ManyToOne_Relationships" classname="crossql.tests.Integration.ManyToOneTests" runstate="Runnable" seed="1277620839" result="Passed" start-time="2018-06-23 16:03:13Z" end-time="2018-06-23 16:03:13Z" duration="0.010161" asserts="0" />
              <test-case id="0-1137" name="Should_Create_Records_With_ManyToOne_Relationships(crossql.mssqlserver.DbProvider)" fullname="crossql.tests.Integration.ManyToOneTests.Should_Create_Records_With_ManyToOne_Relationships(crossql.mssqlserver.DbProvider)" methodname="Should_Create_Records_With_ManyToOne_Relationships" classname="crossql.tests.Integration.ManyToOneTests" runstate="Runnable" seed="1896092443" result="Passed" start-time="2018-06-23 16:03:13Z" end-time="2018-06-23 16:03:14Z" duration="0.020528" asserts="0" />
            </test-suite>
            <test-suite type="ParameterizedMethod" id="0-1141" name="Should_Create_Records_With_OneToMany_Relationships" fullname="crossql.tests.Integration.ManyToOneTests.Should_Create_Records_With_OneToMany_Relationships" classname="crossql.tests.Integration.ManyToOneTests" runstate="Runnable" testcasecount="2" result="Passed" start-time="2018-06-23 16:03:14Z" end-time="2018-06-23 16:03:14Z" duration="0.028453" total="2" passed="2" failed="0" warnings="0" inconclusive="0" skipped="0" asserts="0">
              <test-case id="0-1139" name="Should_Create_Records_With_OneToMany_Relationships(crossql.sqlite.DbProvider)" fullname="crossql.tests.Integration.ManyToOneTests.Should_Create_Records_With_OneToMany_Relationships(crossql.sqlite.DbProvider)" methodname="Should_Create_Records_With_OneToMany_Relationships" classname="crossql.tests.Integration.ManyToOneTests" runstate="Runnable" seed="1139116912" result="Passed" start-time="2018-06-23 16:03:14Z" end-time="2018-06-23 16:03:14Z" duration="0.010709" asserts="0" />
              <test-case id="0-1140" name="Should_Create_Records_With_OneToMany_Relationships(crossql.mssqlserver.DbProvider)" fullname="crossql.tests.Integration.ManyToOneTests.Should_Create_Records_With_OneToMany_Relationships(crossql.mssqlserver.DbProvider)" methodname="Should_Create_Records_With_OneToMany_Relationships" classname="crossql.tests.Integration.ManyToOneTests" runstate="Runnable" seed="1099611014" result="Passed" start-time="2018-06-23 16:03:14Z" end-time="2018-06-23 16:03:14Z" duration="0.017561" asserts="0" />
            </test-suite>
            <test-suite type="ParameterizedMethod" id="0-1144" name="Should_Query_ManyToOne_Records_With_Needing_To_Build_Join" fullname="crossql.tests.Integration.ManyToOneTests.Should_Query_ManyToOne_Records_With_Needing_To_Build_Join" classname="crossql.tests.Integration.ManyToOneTests" runstate="Runnable" testcasecount="2" result="Passed" start-time="2018-06-23 16:03:14Z" end-time="2018-06-23 16:03:14Z" duration="0.019086" total="2" passed="2" failed="0" warnings="0" inconclusive="0" skipped="0" asserts="0">
              <test-case id="0-1142" name="Should_Query_ManyToOne_Records_With_Needing_To_Build_Join(crossql.sqlite.DbProvider)" fullname="crossql.tests.Integration.ManyToOneTests.Should_Query_ManyToOne_Records_With_Needing_To_Build_Join(crossql.sqlite.DbProvider)" methodname="Should_Query_ManyToOne_Records_With_Needing_To_Build_Join" classname="crossql.tests.Integration.ManyToOneTests" runstate="Runnable" seed="876791642" result="Passed" start-time="2018-06-23 16:03:14Z" end-time="2018-06-23 16:03:14Z" duration="0.008426" asserts="0" />
              <test-case id="0-1143" name="Should_Query_ManyToOne_Records_With_Needing_To_Build_Join(crossql.mssqlserver.DbProvider)" fullname="crossql.tests.Integration.ManyToOneTests.Should_Query_ManyToOne_Records_With_Needing_To_Build_Join(crossql.mssqlserver.DbProvider)" methodname="Should_Query_ManyToOne_Records_With_Needing_To_Build_Join" classname="crossql.tests.Integration.ManyToOneTests" runstate="Runnable" seed="1549881714" result="Passed" start-time="2018-06-23 16:03:14Z" end-time="2018-06-23 16:03:14Z" duration="0.010528" asserts="0" />
            </test-suite>
          </test-suite>
          <test-suite type="TestFixture" id="0-1145" name="QueryHelperTests" fullname="crossql.tests.Integration.QueryHelperTests" classname="crossql.tests.Integration.QueryHelperTests" runstate="Runnable" testcasecount="14" result="Passed" start-time="2018-06-23 16:03:14Z" end-time="2018-06-23 16:03:14Z" duration="0.828824" total="14" passed="14" failed="0" warnings="0" inconclusive="0" skipped="0" asserts="0">
            <test-suite type="ParameterizedMethod" id="0-1151" name="Should_Return_Null_When_FirstOrDefault_Is_Empty" fullname="crossql.tests.Integration.QueryHelperTests.Should_Return_Null_When_FirstOrDefault_Is_Empty" classname="crossql.tests.Integration.QueryHelperTests" runstate="Runnable" testcasecount="2" result="Passed" start-time="2018-06-23 16:03:14Z" end-time="2018-06-23 16:03:14Z" duration="0.002916" total="2" passed="2" failed="0" warnings="0" inconclusive="0" skipped="0" asserts="0">
              <test-case id="0-1149" name="Should_Return_Null_When_FirstOrDefault_Is_Empty(crossql.sqlite.DbProvider)" fullname="crossql.tests.Integration.QueryHelperTests.Should_Return_Null_When_FirstOrDefault_Is_Empty(crossql.sqlite.DbProvider)" methodname="Should_Return_Null_When_FirstOrDefault_Is_Empty" classname="crossql.tests.Integration.QueryHelperTests" runstate="Runnable" seed="10117026" result="Passed" start-time="2018-06-23 16:03:14Z" end-time="2018-06-23 16:03:14Z" duration="0.001348" asserts="0" />
              <test-case id="0-1150" name="Should_Return_Null_When_FirstOrDefault_Is_Empty(crossql.mssqlserver.DbProvider)" fullname="crossql.tests.Integration.QueryHelperTests.Should_Return_Null_When_FirstOrDefault_Is_Empty(crossql.mssqlserver.DbProvider)" methodname="Should_Return_Null_When_FirstOrDefault_Is_Empty" classname="crossql.tests.Integration.QueryHelperTests" runstate="Runnable" seed="2100974005" result="Passed" start-time="2018-06-23 16:03:14Z" end-time="2018-06-23 16:03:14Z" duration="0.001444" asserts="0" />
            </test-suite>
            <test-suite type="ParameterizedMethod" id="0-1163" name="Should_Return_Null_When_LastOrDefault_Is_Empty" fullname="crossql.tests.Integration.QueryHelperTests.Should_Return_Null_When_LastOrDefault_Is_Empty" classname="crossql.tests.Integration.QueryHelperTests" runstate="Runnable" testcasecount="2" result="Passed" start-time="2018-06-23 16:03:14Z" end-time="2018-06-23 16:03:14Z" duration="0.003813" total="2" passed="2" failed="0" warnings="0" inconclusive="0" skipped="0" asserts="0">
              <test-case id="0-1161" name="Should_Return_Null_When_LastOrDefault_Is_Empty(crossql.sqlite.DbProvider)" fullname="crossql.tests.Integration.QueryHelperTests.Should_Return_Null_When_LastOrDefault_Is_Empty(crossql.sqlite.DbProvider)" methodname="Should_Return_Null_When_LastOrDefault_Is_Empty" classname="crossql.tests.Integration.QueryHelperTests" runstate="Runnable" seed="1042408493" result="Passed" start-time="2018-06-23 16:03:14Z" end-time="2018-06-23 16:03:14Z" duration="0.002738" asserts="0" />
              <test-case id="0-1162" name="Should_Return_Null_When_LastOrDefault_Is_Empty(crossql.mssqlserver.DbProvider)" fullname="crossql.tests.Integration.QueryHelperTests.Should_Return_Null_When_LastOrDefault_Is_Empty(crossql.mssqlserver.DbProvider)" methodname="Should_Return_Null_When_LastOrDefault_Is_Empty" classname="crossql.tests.Integration.QueryHelperTests" runstate="Runnable" seed="1579363284" result="Passed" start-time="2018-06-23 16:03:14Z" end-time="2018-06-23 16:03:14Z" duration="0.000972" asserts="0" />
            </test-suite>
            <test-suite type="ParameterizedMethod" id="0-1157" name="Should_Return_Null_When_SingleOrDefault_Is_Empty" fullname="crossql.tests.Integration.QueryHelperTests.Should_Return_Null_When_SingleOrDefault_Is_Empty" classname="crossql.tests.Integration.QueryHelperTests" runstate="Runnable" testcasecount="2" result="Passed" start-time="2018-06-23 16:03:14Z" end-time="2018-06-23 16:03:14Z" duration="0.003665" total="2" passed="2" failed="0" warnings="0" inconclusive="0" skipped="0" asserts="0">
              <test-case id="0-1155" name="Should_Return_Null_When_SingleOrDefault_Is_Empty(crossql.sqlite.DbProvider)" fullname="crossql.tests.Integration.QueryHelperTests.Should_Return_Null_When_SingleOrDefault_Is_Empty(crossql.sqlite.DbProvider)" methodname="Should_Return_Null_When_SingleOrDefault_Is_Empty" classname="crossql.tests.Integration.QueryHelperTests" runstate="Runnable" seed="1122640823" result="Passed" start-time="2018-06-23 16:03:14Z" end-time="2018-06-23 16:03:14Z" duration="0.002306" asserts="0" />
              <test-case id="0-1156" name="Should_Return_Null_When_SingleOrDefault_Is_Empty(crossql.mssqlserver.DbProvider)" fullname="crossql.tests.Integration.QueryHelperTests.Should_Return_Null_When_SingleOrDefault_Is_Empty(crossql.mssqlserver.DbProvider)" methodname="Should_Return_Null_When_SingleOrDefault_Is_Empty" classname="crossql.tests.Integration.QueryHelperTests" runstate="Runnable" seed="1839480904" result="Passed" start-time="2018-06-23 16:03:14Z" end-time="2018-06-23 16:03:14Z" duration="0.001169" asserts="0" />
            </test-suite>
            <test-suite type="ParameterizedMethod" id="0-1166" name="Should_Return_Zero_Records_When_ToList_Is_Empty" fullname="crossql.tests.Integration.QueryHelperTests.Should_Return_Zero_Records_When_ToList_Is_Empty" classname="crossql.tests.Integration.QueryHelperTests" runstate="Runnable" testcasecount="2" result="Passed" start-time="2018-06-23 16:03:14Z" end-time="2018-06-23 16:03:14Z" duration="0.003805" total="2" passed="2" failed="0" warnings="0" inconclusive="0" skipped="0" asserts="0">
              <test-case id="0-1164" name="Should_Return_Zero_Records_When_ToList_Is_Empty(crossql.sqlite.DbProvider)" fullname="crossql.tests.Integration.QueryHelperTests.Should_Return_Zero_Records_When_ToList_Is_Empty(crossql.sqlite.DbProvider)" methodname="Should_Return_Zero_Records_When_ToList_Is_Empty" classname="crossql.tests.Integration.QueryHelperTests" runstate="Runnable" seed="1415385125" result="Passed" start-time="2018-06-23 16:03:14Z" end-time="2018-06-23 16:03:14Z" duration="0.002449" asserts="0" />
              <test-case id="0-1165" name="Should_Return_Zero_Records_When_ToList_Is_Empty(crossql.mssqlserver.DbProvider)" fullname="crossql.tests.Integration.QueryHelperTests.Should_Return_Zero_Records_When_ToList_Is_Empty(crossql.mssqlserver.DbProvider)" methodname="Should_Return_Zero_Records_When_ToList_Is_Empty" classname="crossql.tests.Integration.QueryHelperTests" runstate="Runnable" seed="1079461403" result="Passed" start-time="2018-06-23 16:03:14Z" end-time="2018-06-23 16:03:14Z" duration="0.001200" asserts="0" />
            </test-suite>
            <test-suite type="ParameterizedMethod" id="0-1148" name="Should_Throw_When_First_Is_Empty" fullname="crossql.tests.Integration.QueryHelperTests.Should_Throw_When_First_Is_Empty" classname="crossql.tests.Integration.QueryHelperTests" runstate="Runnable" testcasecount="2" result="Passed" start-time="2018-06-23 16:03:14Z" end-time="2018-06-23 16:03:14Z" duration="0.013131" total="2" passed="2" failed="0" warnings="0" inconclusive="0" skipped="0" asserts="0">
              <test-case id="0-1146" name="Should_Throw_When_First_Is_Empty(crossql.sqlite.DbProvider)" fullname="crossql.tests.Integration.QueryHelperTests.Should_Throw_When_First_Is_Empty(crossql.sqlite.DbProvider)" methodname="Should_Throw_When_First_Is_Empty" classname="crossql.tests.Integration.QueryHelperTests" runstate="Runnable" seed="355453699" result="Passed" start-time="2018-06-23 16:03:14Z" end-time="2018-06-23 16:03:14Z" duration="0.011464" asserts="0" />
              <test-case id="0-1147" name="Should_Throw_When_First_Is_Empty(crossql.mssqlserver.DbProvider)" fullname="crossql.tests.Integration.QueryHelperTests.Should_Throw_When_First_Is_Empty(crossql.mssqlserver.DbProvider)" methodname="Should_Throw_When_First_Is_Empty" classname="crossql.tests.Integration.QueryHelperTests" runstate="Runnable" seed="2074015038" result="Passed" start-time="2018-06-23 16:03:14Z" end-time="2018-06-23 16:03:14Z" duration="0.001486" asserts="0" />
            </test-suite>
            <test-suite type="ParameterizedMethod" id="0-1160" name="Should_Throw_When_Last_Is_Empty" fullname="crossql.tests.Integration.QueryHelperTests.Should_Throw_When_Last_Is_Empty" classname="crossql.tests.Integration.QueryHelperTests" runstate="Runnable" testcasecount="2" result="Passed" start-time="2018-06-23 16:03:14Z" end-time="2018-06-23 16:03:14Z" duration="0.004231" total="2" passed="2" failed="0" warnings="0" inconclusive="0" skipped="0" asserts="0">
              <test-case id="0-1158" name="Should_Throw_When_Last_Is_Empty(crossql.sqlite.DbProvider)" fullname="crossql.tests.Integration.QueryHelperTests.Should_Throw_When_Last_Is_Empty(crossql.sqlite.DbProvider)" methodname="Should_Throw_When_Last_Is_Empty" classname="crossql.tests.Integration.QueryHelperTests" runstate="Runnable" seed="1935136743" result="Passed" start-time="2018-06-23 16:03:14Z" end-time="2018-06-23 16:03:14Z" duration="0.002709" asserts="0" />
              <test-case id="0-1159" name="Should_Throw_When_Last_Is_Empty(crossql.mssqlserver.DbProvider)" fullname="crossql.tests.Integration.QueryHelperTests.Should_Throw_When_Last_Is_Empty(crossql.mssqlserver.DbProvider)" methodname="Should_Throw_When_Last_Is_Empty" classname="crossql.tests.Integration.QueryHelperTests" runstate="Runnable" seed="343784564" result="Passed" start-time="2018-06-23 16:03:14Z" end-time="2018-06-23 16:03:14Z" duration="0.001344" asserts="0" />
            </test-suite>
            <test-suite type="ParameterizedMethod" id="0-1154" name="Should_Throw_When_Single_Is_Empty" fullname="crossql.tests.Integration.QueryHelperTests.Should_Throw_When_Single_Is_Empty" classname="crossql.tests.Integration.QueryHelperTests" runstate="Runnable" testcasecount="2" result="Passed" start-time="2018-06-23 16:03:14Z" end-time="2018-06-23 16:03:14Z" duration="0.003057" total="2" passed="2" failed="0" warnings="0" inconclusive="0" skipped="0" asserts="0">
              <test-case id="0-1152" name="Should_Throw_When_Single_Is_Empty(crossql.sqlite.DbProvider)" fullname="crossql.tests.Integration.QueryHelperTests.Should_Throw_When_Single_Is_Empty(crossql.sqlite.DbProvider)" methodname="Should_Throw_When_Single_Is_Empty" classname="crossql.tests.Integration.QueryHelperTests" runstate="Runnable" seed="1754949395" result="Passed" start-time="2018-06-23 16:03:14Z" end-time="2018-06-23 16:03:14Z" duration="0.001673" asserts="0" />
              <test-case id="0-1153" name="Should_Throw_When_Single_Is_Empty(crossql.mssqlserver.DbProvider)" fullname="crossql.tests.Integration.QueryHelperTests.Should_Throw_When_Single_Is_Empty(crossql.mssqlserver.DbProvider)" methodname="Should_Throw_When_Single_Is_Empty" classname="crossql.tests.Integration.QueryHelperTests" runstate="Runnable" seed="334994941" result="Passed" start-time="2018-06-23 16:03:14Z" end-time="2018-06-23 16:03:14Z" duration="0.001254" asserts="0" />
            </test-suite>
          </test-suite>
          <test-suite type="TestFixture" id="0-1167" name="SimpleCrudTests" fullname="crossql.tests.Integration.SimpleCrudTests" classname="crossql.tests.Integration.SimpleCrudTests" runstate="Runnable" testcasecount="6" result="Passed" start-time="2018-06-23 16:03:14Z" end-time="2018-06-23 16:03:15Z" duration="0.965685" total="6" passed="6" failed="0" warnings="0" inconclusive="0" skipped="0" asserts="0">
            <test-suite type="ParameterizedMethod" id="0-1176" name="Should_Create_Or_Update_With_Different_Primary_Key" fullname="crossql.tests.Integration.SimpleCrudTests.Should_Create_Or_Update_With_Different_Primary_Key" classname="crossql.tests.Integration.SimpleCrudTests" runstate="Runnable" testcasecount="2" result="Passed" start-time="2018-06-23 16:03:15Z" end-time="2018-06-23 16:03:15Z" duration="0.032402" total="2" passed="2" failed="0" warnings="0" inconclusive="0" skipped="0" asserts="0">
              <test-case id="0-1174" name="Should_Create_Or_Update_With_Different_Primary_Key(crossql.sqlite.DbProvider)" fullname="crossql.tests.Integration.SimpleCrudTests.Should_Create_Or_Update_With_Different_Primary_Key(crossql.sqlite.DbProvider)" methodname="Should_Create_Or_Update_With_Different_Primary_Key" classname="crossql.tests.Integration.SimpleCrudTests" runstate="Runnable" seed="1427152014" result="Passed" start-time="2018-06-23 16:03:15Z" end-time="2018-06-23 16:03:15Z" duration="0.013035" asserts="0" />
              <test-case id="0-1175" name="Should_Create_Or_Update_With_Different_Primary_Key(crossql.mssqlserver.DbProvider)" fullname="crossql.tests.Integration.SimpleCrudTests.Should_Create_Or_Update_With_Different_Primary_Key(crossql.mssqlserver.DbProvider)" methodname="Should_Create_Or_Update_With_Different_Primary_Key" classname="crossql.tests.Integration.SimpleCrudTests" runstate="Runnable" seed="468512808" result="Passed" start-time="2018-06-23 16:03:15Z" end-time="2018-06-23 16:03:15Z" duration="0.019192" asserts="0" />
            </test-suite>
            <test-suite type="ParameterizedMethod" id="0-1170" name="Should_Do_Crud_On_Simple_Model_Object" fullname="crossql.tests.Integration.SimpleCrudTests.Should_Do_Crud_On_Simple_Model_Object" classname="crossql.tests.Integration.SimpleCrudTests" runstate="Runnable" testcasecount="2" result="Passed" start-time="2018-06-23 16:03:15Z" end-time="2018-06-23 16:03:15Z" duration="0.037841" total="2" passed="2" failed="0" warnings="0" inconclusive="0" skipped="0" asserts="0">
              <test-case id="0-1168" name="Should_Do_Crud_On_Simple_Model_Object(crossql.sqlite.DbProvider)" fullname="crossql.tests.Integration.SimpleCrudTests.Should_Do_Crud_On_Simple_Model_Object(crossql.sqlite.DbProvider)" methodname="Should_Do_Crud_On_Simple_Model_Object" classname="crossql.tests.Integration.SimpleCrudTests" runstate="Runnable" seed="1826802985" result="Passed" start-time="2018-06-23 16:03:15Z" end-time="2018-06-23 16:03:15Z" duration="0.011793" asserts="0" />
              <test-case id="0-1169" name="Should_Do_Crud_On_Simple_Model_Object(crossql.mssqlserver.DbProvider)" fullname="crossql.tests.Integration.SimpleCrudTests.Should_Do_Crud_On_Simple_Model_Object(crossql.mssqlserver.DbProvider)" methodname="Should_Do_Crud_On_Simple_Model_Object" classname="crossql.tests.Integration.SimpleCrudTests" runstate="Runnable" seed="1860704403" result="Passed" start-time="2018-06-23 16:03:15Z" end-time="2018-06-23 16:03:15Z" duration="0.025874" asserts="0" />
            </test-suite>
            <test-suite type="ParameterizedMethod" id="0-1173" name="Should_Do_Crud_On_Simple_Model_Object_With_Different_Primary_Key" fullname="crossql.tests.Integration.SimpleCrudTests.Should_Do_Crud_On_Simple_Model_Object_With_Different_Primary_Key" classname="crossql.tests.Integration.SimpleCrudTests" runstate="Runnable" testcasecount="2" result="Passed" start-time="2018-06-23 16:03:15Z" end-time="2018-06-23 16:03:15Z" duration="0.022295" total="2" passed="2" failed="0" warnings="0" inconclusive="0" skipped="0" asserts="0">
              <test-case id="0-1171" name="Should_Do_Crud_On_Simple_Model_Object_With_Different_Primary_Key(crossql.sqlite.DbProvider)" fullname="crossql.tests.Integration.SimpleCrudTests.Should_Do_Crud_On_Simple_Model_Object_With_Different_Primary_Key(crossql.sqlite.DbProvider)" methodname="Should_Do_Crud_On_Simple_Model_Object_With_Different_Primary_Key" classname="crossql.tests.Integration.SimpleCrudTests" runstate="Runnable" seed="1256878073" result="Passed" start-time="2018-06-23 16:03:15Z" end-time="2018-06-23 16:03:15Z" duration="0.009229" asserts="0" />
              <test-case id="0-1172" name="Should_Do_Crud_On_Simple_Model_Object_With_Different_Primary_Key(crossql.mssqlserver.DbProvider)" fullname="crossql.tests.Integration.SimpleCrudTests.Should_Do_Crud_On_Simple_Model_Object_With_Different_Primary_Key(crossql.mssqlserver.DbProvider)" methodname="Should_Do_Crud_On_Simple_Model_Object_With_Different_Primary_Key" classname="crossql.tests.Integration.SimpleCrudTests" runstate="Runnable" seed="315692814" result="Passed" start-time="2018-06-23 16:03:15Z" end-time="2018-06-23 16:03:15Z" duration="0.012890" asserts="0" />
            </test-suite>
          </test-suite>
          <test-suite type="TestFixture" id="0-1177" name="SimpleCrudTransactionTests" fullname="crossql.tests.Integration.SimpleCrudTransactionTests" classname="crossql.tests.Integration.SimpleCrudTransactionTests" runstate="Runnable" testcasecount="8" result="Passed" start-time="2018-06-23 16:03:15Z" end-time="2018-06-23 16:03:20Z" duration="4.623719" total="8" passed="8" failed="0" warnings="0" inconclusive="0" skipped="0" asserts="0">
            <test-suite type="ParameterizedMethod" id="0-1180" name="Should_Create_Records_With_AutoIncrement" fullname="crossql.tests.Integration.SimpleCrudTransactionTests.Should_Create_Records_With_AutoIncrement" classname="crossql.tests.Integration.SimpleCrudTransactionTests" runstate="Runnable" testcasecount="2" result="Passed" start-time="2018-06-23 16:03:16Z" end-time="2018-06-23 16:03:16Z" duration="0.029673" total="2" passed="2" failed="0" warnings="0" inconclusive="0" skipped="0" asserts="0">
              <test-case id="0-1178" name="Should_Create_Records_With_AutoIncrement(crossql.sqlite.DbProvider)" fullname="crossql.tests.Integration.SimpleCrudTransactionTests.Should_Create_Records_With_AutoIncrement(crossql.sqlite.DbProvider)" methodname="Should_Create_Records_With_AutoIncrement" classname="crossql.tests.Integration.SimpleCrudTransactionTests" runstate="Runnable" seed="1275467614" result="Passed" start-time="2018-06-23 16:03:16Z" end-time="2018-06-23 16:03:16Z" duration="0.008121" asserts="0" />
              <test-case id="0-1179" name="Should_Create_Records_With_AutoIncrement(crossql.mssqlserver.DbProvider)" fullname="crossql.tests.Integration.SimpleCrudTransactionTests.Should_Create_Records_With_AutoIncrement(crossql.mssqlserver.DbProvider)" methodname="Should_Create_Records_With_AutoIncrement" classname="crossql.tests.Integration.SimpleCrudTransactionTests" runstate="Runnable" seed="785431781" result="Passed" start-time="2018-06-23 16:03:16Z" end-time="2018-06-23 16:03:16Z" duration="0.021374" asserts="0" />
            </test-suite>
            <test-suite type="ParameterizedMethod" id="0-1183" name="Should_Do_CUD_In_Transactions" fullname="crossql.tests.Integration.SimpleCrudTransactionTests.Should_Do_CUD_In_Transactions" classname="crossql.tests.Integration.SimpleCrudTransactionTests" runstate="Runnable" testcasecount="2" result="Passed" start-time="2018-06-23 16:03:16Z" end-time="2018-06-23 16:03:16Z" duration="0.038730" total="2" passed="2" failed="0" warnings="0" inconclusive="0" skipped="0" asserts="0">
              <test-case id="0-1181" name="Should_Do_CUD_In_Transactions(crossql.sqlite.DbProvider)" fullname="crossql.tests.Integration.SimpleCrudTransactionTests.Should_Do_CUD_In_Transactions(crossql.sqlite.DbProvider)" methodname="Should_Do_CUD_In_Transactions" classname="crossql.tests.Integration.SimpleCrudTransactionTests" runstate="Runnable" seed="1509181170" result="Passed" start-time="2018-06-23 16:03:16Z" end-time="2018-06-23 16:03:16Z" duration="0.013930" asserts="0" />
              <test-case id="0-1182" name="Should_Do_CUD_In_Transactions(crossql.mssqlserver.DbProvider)" fullname="crossql.tests.Integration.SimpleCrudTransactionTests.Should_Do_CUD_In_Transactions(crossql.mssqlserver.DbProvider)" methodname="Should_Do_CUD_In_Transactions" classname="crossql.tests.Integration.SimpleCrudTransactionTests" runstate="Runnable" seed="1813836548" result="Passed" start-time="2018-06-23 16:03:16Z" end-time="2018-06-23 16:03:16Z" duration="0.024650" asserts="0" />
            </test-suite>
            <test-suite type="ParameterizedMethod" id="0-1186" name="Should_Perform_Faster_When_Run_In_Transaction" fullname="crossql.tests.Integration.SimpleCrudTransactionTests.Should_Perform_Faster_When_Run_In_Transaction" classname="crossql.tests.Integration.SimpleCrudTransactionTests" runstate="Runnable" testcasecount="2" result="Passed" start-time="2018-06-23 16:03:16Z" end-time="2018-06-23 16:03:20Z" duration="3.573219" total="2" passed="2" failed="0" warnings="0" inconclusive="0" skipped="0" asserts="0">
              <test-case id="0-1184" name="Should_Perform_Faster_When_Run_In_Transaction(crossql.sqlite.DbProvider)" fullname="crossql.tests.Integration.SimpleCrudTransactionTests.Should_Perform_Faster_When_Run_In_Transaction(crossql.sqlite.DbProvider)" methodname="Should_Perform_Faster_When_Run_In_Transaction" classname="crossql.tests.Integration.SimpleCrudTransactionTests" runstate="Runnable" seed="536528429" result="Passed" start-time="2018-06-23 16:03:16Z" end-time="2018-06-23 16:03:18Z" duration="1.480890" asserts="0" />
              <test-case id="0-1185" name="Should_Perform_Faster_When_Run_In_Transaction(crossql.mssqlserver.DbProvider)" fullname="crossql.tests.Integration.SimpleCrudTransactionTests.Should_Perform_Faster_When_Run_In_Transaction(crossql.mssqlserver.DbProvider)" methodname="Should_Perform_Faster_When_Run_In_Transaction" classname="crossql.tests.Integration.SimpleCrudTransactionTests" runstate="Runnable" seed="1895106060" result="Passed" start-time="2018-06-23 16:03:18Z" end-time="2018-06-23 16:03:20Z" duration="2.092122" asserts="0" />
            </test-suite>
            <test-suite type="ParameterizedMethod" id="0-1189" name="ShouldRollBackFailedTransaction" fullname="crossql.tests.Integration.SimpleCrudTransactionTests.ShouldRollBackFailedTransaction" classname="crossql.tests.Integration.SimpleCrudTransactionTests" runstate="Runnable" testcasecount="2" result="Passed" start-time="2018-06-23 16:03:20Z" end-time="2018-06-23 16:03:20Z" duration="0.029529" total="2" passed="2" failed="0" warnings="0" inconclusive="0" skipped="0" asserts="0">
              <test-case id="0-1187" name="ShouldRollBackFailedTransaction(crossql.sqlite.DbProvider)" fullname="crossql.tests.Integration.SimpleCrudTransactionTests.ShouldRollBackFailedTransaction(crossql.sqlite.DbProvider)" methodname="ShouldRollBackFailedTransaction" classname="crossql.tests.Integration.SimpleCrudTransactionTests" runstate="Runnable" seed="1371345933" result="Passed" start-time="2018-06-23 16:03:20Z" end-time="2018-06-23 16:03:20Z" duration="0.022139" asserts="0" />
              <test-case id="0-1188" name="ShouldRollBackFailedTransaction(crossql.mssqlserver.DbProvider)" fullname="crossql.tests.Integration.SimpleCrudTransactionTests.ShouldRollBackFailedTransaction(crossql.mssqlserver.DbProvider)" methodname="ShouldRollBackFailedTransaction" classname="crossql.tests.Integration.SimpleCrudTransactionTests" runstate="Runnable" seed="1724141408" result="Passed" start-time="2018-06-23 16:03:20Z" end-time="2018-06-23 16:03:20Z" duration="0.007219" asserts="0" />
            </test-suite>
          </test-suite>
        </test-suite>
        <test-suite type="TestSuite" id="0-1193" name="Unit" fullname="crossql.tests.Unit" runstate="Runnable" testcasecount="57" result="Skipped" label="Ignored" site="Child" start-time="2018-06-23 16:03:07Z" end-time="2018-06-23 16:03:20Z" duration="12.547625" total="57" passed="55" failed="0" warnings="0" inconclusive="0" skipped="2" asserts="48">
          <reason>
            <message><![CDATA[One or more child tests were ignored]]></message>
          </reason>
          <test-suite type="TestFixture" id="0-1000" name="AutoMapperTests" fullname="crossql.tests.Unit.AutoMapperTests" classname="crossql.tests.Unit.AutoMapperTests" runstate="Runnable" testcasecount="6" result="Skipped" label="Ignored" site="Child" start-time="2018-06-23 16:03:20Z" end-time="2018-06-23 16:03:20Z" duration="0.005724" total="6" passed="4" failed="0" warnings="0" inconclusive="0" skipped="2" asserts="11">
            <reason>
              <message><![CDATA[One or more child tests were ignored]]></message>
            </reason>
            <test-case id="0-1001" name="ShouldBuildDbParametersForGivenModel" fullname="crossql.tests.Unit.AutoMapperTests.ShouldBuildDbParametersForGivenModel" methodname="ShouldBuildDbParametersForGivenModel" classname="crossql.tests.Unit.AutoMapperTests" runstate="Runnable" seed="844939223" result="Passed" start-time="2018-06-23 16:03:20Z" end-time="2018-06-23 16:03:20Z" duration="0.001101" asserts="7" />
            <test-case id="0-1002" name="ShouldBuildListOfModelObjectsFromReader" fullname="crossql.tests.Unit.AutoMapperTests.ShouldBuildListOfModelObjectsFromReader" methodname="ShouldBuildListOfModelObjectsFromReader" classname="crossql.tests.Unit.AutoMapperTests" runstate="Ignored" seed="232331174" result="Skipped" label="Ignored" start-time="2018-06-23 16:03:20Z" end-time="2018-06-23 16:03:20Z" duration="0.000199" asserts="0">
              <properties>
                <property name="_SKIPREASON" value="AutoDbMapper uses a different approach to getting data from the dbreader... need to rethink these tests." />
              </properties>
              <reason>
                <message><![CDATA[AutoDbMapper uses a different approach to getting data from the dbreader... need to rethink these tests.]]></message>
              </reason>
            </test-case>
            <test-case id="0-1003" name="ShouldBuildListOfObjectFromAnotherListOfObjects" fullname="crossql.tests.Unit.AutoMapperTests.ShouldBuildListOfObjectFromAnotherListOfObjects" methodname="ShouldBuildListOfObjectFromAnotherListOfObjects" classname="crossql.tests.Unit.AutoMapperTests" runstate="Runnable" seed="772440546" result="Passed" start-time="2018-06-23 16:03:20Z" end-time="2018-06-23 16:03:20Z" duration="0.003578" asserts="2" />
            <test-case id="0-1004" name="ShouldBuildModelObjectFromReader" fullname="crossql.tests.Unit.AutoMapperTests.ShouldBuildModelObjectFromReader" methodname="ShouldBuildModelObjectFromReader" classname="crossql.tests.Unit.AutoMapperTests" runstate="Ignored" seed="1497330822" result="Skipped" label="Ignored" start-time="2018-06-23 16:03:20Z" end-time="2018-06-23 16:03:20Z" duration="0.000008" asserts="0">
              <properties>
                <property name="_SKIPREASON" value="AutoDbMapper uses a different approach to getting data from the dbreader... need to rethink these tests." />
              </properties>
              <reason>
                <message><![CDATA[AutoDbMapper uses a different approach to getting data from the dbreader... need to rethink these tests.]]></message>
              </reason>
            </test-case>
            <test-case id="0-1005" name="ShouldBuildOneObjectFromAnotherObjectWhereNamesMatch" fullname="crossql.tests.Unit.AutoMapperTests.ShouldBuildOneObjectFromAnotherObjectWhereNamesMatch" methodname="ShouldBuildOneObjectFromAnotherObjectWhereNamesMatch" classname="crossql.tests.Unit.AutoMapperTests" runstate="Runnable" seed="1851880308" result="Passed" start-time="2018-06-23 16:03:20Z" end-time="2018-06-23 16:03:20Z" duration="0.000372" asserts="1" />
            <test-case id="0-1006" name="ShouldNotCrashIfInputIsNull" fullname="crossql.tests.Unit.AutoMapperTests.ShouldNotCrashIfInputIsNull" methodname="ShouldNotCrashIfInputIsNull" classname="crossql.tests.Unit.AutoMapperTests" runstate="Runnable" seed="1860934478" result="Passed" start-time="2018-06-23 16:03:20Z" end-time="2018-06-23 16:03:20Z" duration="0.000226" asserts="1" />
          </test-suite>
          <test-suite type="TestFixture" id="0-1007" name="DbConnectionProviderTests" fullname="crossql.tests.Unit.DbConnectionProviderTests" classname="crossql.tests.Unit.DbConnectionProviderTests" runstate="Runnable" testcasecount="3" result="Passed" start-time="2018-06-23 16:03:20Z" end-time="2018-06-23 16:03:20Z" duration="0.001418" total="3" passed="3" failed="0" warnings="0" inconclusive="0" skipped="0" asserts="0">
            <test-case id="0-1008" name="ShouldConstructSqliteConnectionAndDisallowBrowsingTheDatabasePath" fullname="crossql.tests.Unit.DbConnectionProviderTests.ShouldConstructSqliteConnectionAndDisallowBrowsingTheDatabasePath" methodname="ShouldConstructSqliteConnectionAndDisallowBrowsingTheDatabasePath" classname="crossql.tests.Unit.DbConnectionProviderTests" runstate="Runnable" seed="311079284" result="Passed" start-time="2018-06-23 16:03:20Z" end-time="2018-06-23 16:03:20Z" duration="0.000419" asserts="0" />
            <test-case id="0-1009" name="ShouldConstructSqliteConnectionWithAlternatePath" fullname="crossql.tests.Unit.DbConnectionProviderTests.ShouldConstructSqliteConnectionWithAlternatePath" methodname="ShouldConstructSqliteConnectionWithAlternatePath" classname="crossql.tests.Unit.DbConnectionProviderTests" runstate="Runnable" seed="1105257964" result="Passed" start-time="2018-06-23 16:03:20Z" end-time="2018-06-23 16:03:20Z" duration="0.000472" asserts="0" />
            <test-case id="0-1010" name="ShouldConstructSqliteConnectionWithDefaultPath" fullname="crossql.tests.Unit.DbConnectionProviderTests.ShouldConstructSqliteConnectionWithDefaultPath" methodname="ShouldConstructSqliteConnectionWithDefaultPath" classname="crossql.tests.Unit.DbConnectionProviderTests" runstate="Runnable" seed="810033821" result="Passed" start-time="2018-06-23 16:03:20Z" end-time="2018-06-23 16:03:20Z" duration="0.000229" asserts="0" />
          </test-suite>
          <test-suite type="TestFixture" id="0-1011" name="DbMigrationTests" fullname="crossql.tests.Unit.DbMigrationTests" classname="crossql.tests.Unit.DbMigrationTests" runstate="Runnable" testcasecount="8" result="Passed" start-time="2018-06-23 16:03:20Z" end-time="2018-06-23 16:03:20Z" duration="0.004228" total="8" passed="8" failed="0" warnings="0" inconclusive="0" skipped="0" asserts="8">
            <test-case id="0-1012" name="ShouldAddADefaultValueToAField" fullname="crossql.tests.Unit.DbMigrationTests.ShouldAddADefaultValueToAField" methodname="ShouldAddADefaultValueToAField" classname="crossql.tests.Unit.DbMigrationTests" runstate="Runnable" seed="1540382112" result="Passed" start-time="2018-06-23 16:03:20Z" end-time="2018-06-23 16:03:20Z" duration="0.000565" asserts="1" />
            <test-case id="0-1015" name="ShouldBuildProperDDLForANewSqliteDatabase" fullname="crossql.tests.Unit.DbMigrationTests.ShouldBuildProperDDLForANewSqliteDatabase" methodname="ShouldBuildProperDDLForANewSqliteDatabase" classname="crossql.tests.Unit.DbMigrationTests" runstate="Runnable" seed="1656904017" result="Passed" start-time="2018-06-23 16:03:20Z" end-time="2018-06-23 16:03:20Z" duration="0.000360" asserts="1" />
            <test-case id="0-1014" name="ShouldBuildProperDDLForANewSqlServerDatabase" fullname="crossql.tests.Unit.DbMigrationTests.ShouldBuildProperDDLForANewSqlServerDatabase" methodname="ShouldBuildProperDDLForANewSqlServerDatabase" classname="crossql.tests.Unit.DbMigrationTests" runstate="Runnable" seed="1106408425" result="Passed" start-time="2018-06-23 16:03:20Z" end-time="2018-06-23 16:03:20Z" duration="0.000529" asserts="1" />
            <test-case id="0-1016" name="ShouldBuildTableWithCompositeKey" fullname="crossql.tests.Unit.DbMigrationTests.ShouldBuildTableWithCompositeKey" methodname="ShouldBuildTableWithCompositeKey" classname="crossql.tests.Unit.DbMigrationTests" runstate="Runnable" seed="1965754911" result="Passed" start-time="2018-06-23 16:03:20Z" end-time="2018-06-23 16:03:20Z" duration="0.000245" asserts="1" />
            <test-case id="0-1017" name="ShouldBuildTableWithCompositeUnique" fullname="crossql.tests.Unit.DbMigrationTests.ShouldBuildTableWithCompositeUnique" methodname="ShouldBuildTableWithCompositeUnique" classname="crossql.tests.Unit.DbMigrationTests" runstate="Runnable" seed="884552410" result="Passed" start-time="2018-06-23 16:03:20Z" end-time="2018-06-23 16:03:20Z" duration="0.000586" asserts="1" />
            <test-case id="0-1019" name="ShouldCreateATableWithALatLongColumn" fullname="crossql.tests.Unit.DbMigrationTests.ShouldCreateATableWithALatLongColumn" methodname="ShouldCreateATableWithALatLongColumn" classname="crossql.tests.Unit.DbMigrationTests" runstate="Runnable" seed="648747348" result="Passed" start-time="2018-06-23 16:03:20Z" end-time="2018-06-23 16:03:20Z" duration="0.000981" asserts="1" />
            <test-case id="0-1018" name="ShouldCreateATableWithANotNullInt" fullname="crossql.tests.Unit.DbMigrationTests.ShouldCreateATableWithANotNullInt" methodname="ShouldCreateATableWithANotNullInt" classname="crossql.tests.Unit.DbMigrationTests" runstate="Runnable" seed="753582817" result="Passed" start-time="2018-06-23 16:03:20Z" end-time="2018-06-23 16:03:20Z" duration="0.000206" asserts="1" />
            <test-case id="0-1013" name="ShouldUpdateAnExistingTableAndAddANewColumn" fullname="crossql.tests.Unit.DbMigrationTests.ShouldUpdateAnExistingTableAndAddANewColumn" methodname="ShouldUpdateAnExistingTableAndAddANewColumn" classname="crossql.tests.Unit.DbMigrationTests" runstate="Runnable" seed="2062016787" result="Passed" start-time="2018-06-23 16:03:20Z" end-time="2018-06-23 16:03:20Z" duration="0.000466" asserts="1" />
          </test-suite>
          <test-suite type="TestFixture" id="0-1020" name="DbQueryTests" fullname="crossql.tests.Unit.DbQueryTests" classname="crossql.tests.Unit.DbQueryTests" runstate="Runnable" testcasecount="20" result="Passed" start-time="2018-06-23 16:03:20Z" end-time="2018-06-23 16:03:20Z" duration="0.012116" total="20" passed="20" failed="0" warnings="0" inconclusive="0" skipped="0" asserts="0">
            <test-suite type="ParameterizedMethod" id="0-1029" name="ShouldBuildQueryForUsersAndUtilizeSkipTake" fullname="crossql.tests.Unit.DbQueryTests.ShouldBuildQueryForUsersAndUtilizeSkipTake" classname="crossql.tests.Unit.DbQueryTests" runstate="Runnable" testcasecount="2" result="Passed" start-time="2018-06-23 16:03:20Z" end-time="2018-06-23 16:03:20Z" duration="0.001423" total="2" passed="2" failed="0" warnings="0" inconclusive="0" skipped="0" asserts="0">
              <test-case id="0-1027" name="ShouldBuildQueryForUsersAndUtilizeSkipTake(crossql.mssqlserver.DbProvider)" fullname="crossql.tests.Unit.DbQueryTests.ShouldBuildQueryForUsersAndUtilizeSkipTake(crossql.mssqlserver.DbProvider)" methodname="ShouldBuildQueryForUsersAndUtilizeSkipTake" classname="crossql.tests.Unit.DbQueryTests" runstate="Runnable" seed="958849726" result="Passed" start-time="2018-06-23 16:03:20Z" end-time="2018-06-23 16:03:20Z" duration="0.001060" asserts="0" />
              <test-case id="0-1028" name="ShouldBuildQueryForUsersAndUtilizeSkipTake(crossql.sqlite.DbProvider)" fullname="crossql.tests.Unit.DbQueryTests.ShouldBuildQueryForUsersAndUtilizeSkipTake(crossql.sqlite.DbProvider)" methodname="ShouldBuildQueryForUsersAndUtilizeSkipTake" classname="crossql.tests.Unit.DbQueryTests" runstate="Runnable" seed="2042059682" result="Passed" start-time="2018-06-23 16:03:20Z" end-time="2018-06-23 16:03:20Z" duration="0.000287" asserts="0" />
            </test-suite>
            <test-suite type="ParameterizedMethod" id="0-1032" name="ShouldBuildQueryForUsersById" fullname="crossql.tests.Unit.DbQueryTests.ShouldBuildQueryForUsersById" classname="crossql.tests.Unit.DbQueryTests" runstate="Runnable" testcasecount="2" result="Passed" start-time="2018-06-23 16:03:20Z" end-time="2018-06-23 16:03:20Z" duration="0.000719" total="2" passed="2" failed="0" warnings="0" inconclusive="0" skipped="0" asserts="0">
              <test-case id="0-1030" name="ShouldBuildQueryForUsersById(crossql.mssqlserver.DbProvider)" fullname="crossql.tests.Unit.DbQueryTests.ShouldBuildQueryForUsersById(crossql.mssqlserver.DbProvider)" methodname="ShouldBuildQueryForUsersById" classname="crossql.tests.Unit.DbQueryTests" runstate="Runnable" seed="1848838233" result="Passed" start-time="2018-06-23 16:03:20Z" end-time="2018-06-23 16:03:20Z" duration="0.000482" asserts="0" />
              <test-case id="0-1031" name="ShouldBuildQueryForUsersById(crossql.sqlite.DbProvider)" fullname="crossql.tests.Unit.DbQueryTests.ShouldBuildQueryForUsersById(crossql.sqlite.DbProvider)" methodname="ShouldBuildQueryForUsersById" classname="crossql.tests.Unit.DbQueryTests" runstate="Runnable" seed="2032907810" result="Passed" start-time="2018-06-23 16:03:20Z" end-time="2018-06-23 16:03:20Z" duration="0.000172" asserts="0" />
            </test-suite>
            <test-suite type="ParameterizedMethod" id="0-1035" name="ShouldBuildQueryForUsersByNameAndNotName" fullname="crossql.tests.Unit.DbQueryTests.ShouldBuildQueryForUsersByNameAndNotName" classname="crossql.tests.Unit.DbQueryTests" runstate="Runnable" testcasecount="2" result="Passed" start-time="2018-06-23 16:03:20Z" end-time="2018-06-23 16:03:20Z" duration="0.001426" total="2" passed="2" failed="0" warnings="0" inconclusive="0" skipped="0" asserts="0">
              <test-case id="0-1033" name="ShouldBuildQueryForUsersByNameAndNotName(crossql.mssqlserver.DbProvider)" fullname="crossql.tests.Unit.DbQueryTests.ShouldBuildQueryForUsersByNameAndNotName(crossql.mssqlserver.DbProvider)" methodname="ShouldBuildQueryForUsersByNameAndNotName" classname="crossql.tests.Unit.DbQueryTests" runstate="Runnable" seed="1040513609" result="Passed" start-time="2018-06-23 16:03:20Z" end-time="2018-06-23 16:03:20Z" duration="0.001134" asserts="0" />
[...]
            </test-suite>
            <test-suite type="ParameterizedMethod" id="0-1026" name="ShouldBuildQueryForUsersGettingCount" fullname="crossql.tests.Unit.DbQueryTests.ShouldBuildQueryForUsersGettingCount" classname="crossql.tests.Unit.DbQueryTests" runstate="Runnable" testcasecount="2" result="Passed" start-time="2018-06-23 16:03:20Z" end-time="2018-06-23 16:03:20Z" duration="0.000923" total="2" passed="2" failed="0" warnings="0" inconclusive="0" skipped="0" asserts="0">
              <test-case id="0-1024" name="ShouldBuildQueryForUsersGettingCount(crossql.mssqlserver.DbProvider)" fullname="crossql.tests.Unit.DbQueryTests.ShouldBuildQueryForUsersGettingCount(crossql.mssqlserver.DbProvider)" methodname="ShouldBuildQueryForUsersGettingCount" classname="crossql.tests.Unit.DbQueryTests" runstate="Runnable" seed="485566575" result="Passed" start-time="2018-06-23 16:03:20Z" end-time="2018-06-23 16:03:20Z" duration="0.000626" asserts="0" />
              <test-case id="0-1025" name="ShouldBuildQueryForUsersGettingCount(crossql.sqlite.DbProvider)" fullname="crossql.tests.Unit.DbQueryTests.ShouldBuildQueryForUsersGettingCount(crossql.sqlite.DbProvider)" methodname="ShouldBuildQueryForUsersGettingCount" classname="crossql.tests.Unit.DbQueryTests" runstate="Runnable" seed="706920132" result="Passed" start-time="2018-06-23 16:03:20Z" end-time="2018-06-23 16:03:20Z" duration="0.000214" asserts="0" />
            </test-suite>
            <test-suite type="ParameterizedMethod" id="0-1050" name="ShouldBuildQueryWithManyToOneRelationship" fullname="crossql.tests.Unit.DbQueryTests.ShouldBuildQueryWithManyToOneRelationship" classname="crossql.tests.Unit.DbQueryTests" runstate="Runnable" testcasecount="2" result="Passed" start-time="2018-06-23 16:03:20Z" end-time="2018-06-23 16:03:20Z" duration="0.001162" total="2" passed="2" failed="0" warnings="0" inconclusive="0" skipped="0" asserts="0">
              <test-case id="0-1048" name="ShouldBuildQueryWithManyToOneRelationship(crossql.mssqlserver.DbProvider)" fullname="crossql.tests.Unit.DbQueryTests.ShouldBuildQueryWithManyToOneRelationship(crossql.mssqlserver.DbProvider)" methodname="ShouldBuildQueryWithManyToOneRelationship" classname="crossql.tests.Unit.DbQueryTests" runstate="Runnable" seed="331001304" result="Passed" start-time="2018-06-23 16:03:20Z" end-time="2018-06-23 16:03:20Z" duration="0.000828" asserts="0" />
              <test-case id="0-1049" name="ShouldBuildQueryWithManyToOneRelationship(crossql.sqlite.DbProvider)" fullname="crossql.tests.Unit.DbQueryTests.ShouldBuildQueryWithManyToOneRelationship(crossql.sqlite.DbProvider)" methodname="ShouldBuildQueryWithManyToOneRelationship" classname="crossql.tests.Unit.DbQueryTests" runstate="Runnable" seed="338175749" result="Passed" start-time="2018-06-23 16:03:20Z" end-time="2018-06-23 16:03:20Z" duration="0.000253" asserts="0" />
            </test-suite>
            <test-suite type="ParameterizedMethod" id="0-1044" name="ShouldBuildQueryWithOrderByAscClause" fullname="crossql.tests.Unit.DbQueryTests.ShouldBuildQueryWithOrderByAscClause" classname="crossql.tests.Unit.DbQueryTests" runstate="Runnable" testcasecount="2" result="Passed" start-time="2018-06-23 16:03:20Z" end-time="2018-06-23 16:03:20Z" duration="0.000856" total="2" passed="2" failed="0" warnings="0" inconclusive="0" skipped="0" asserts="0">
              <test-case id="0-1042" name="ShouldBuildQueryWithOrderByAscClause(crossql.mssqlserver.DbProvider)" fullname="crossql.tests.Unit.DbQueryTests.ShouldBuildQueryWithOrderByAscClause(crossql.mssqlserver.DbProvider)" methodname="ShouldBuildQueryWithOrderByAscClause" classname="crossql.tests.Unit.DbQueryTests" runstate="Runnable" seed="197425172" result="Passed" start-time="2018-06-23 16:03:20Z" end-time="2018-06-23 16:03:20Z" duration="0.000563" asserts="0" />
              <test-case id="0-1043" name="ShouldBuildQueryWithOrderByAscClause(crossql.sqlite.DbProvider)" fullname="crossql.tests.Unit.DbQueryTests.ShouldBuildQueryWithOrderByAscClause(crossql.sqlite.DbProvider)" methodname="ShouldBuildQueryWithOrderByAscClause" classname="crossql.tests.Unit.DbQueryTests" runstate="Runnable" seed="1394061513" result="Passed" start-time="2018-06-23 16:03:20Z" end-time="2018-06-23 16:03:20Z" duration="0.000226" asserts="0" />
            </test-suite>
            <test-suite type="ParameterizedMethod" id="0-1047" name="ShouldBuildQueryWithOrderByDescClause" fullname="crossql.tests.Unit.DbQueryTests.ShouldBuildQueryWithOrderByDescClause" classname="crossql.tests.Unit.DbQueryTests" runstate="Runnable" testcasecount="2" result="Passed" start-time="2018-06-23 16:03:20Z" end-time="2018-06-23 16:03:20Z" duration="0.002404" total="2" passed="2" failed="0" warnings="0" inconclusive="0" skipped="0" asserts="0">
              <test-case id="0-1045" name="ShouldBuildQueryWithOrderByDescClause(crossql.mssqlserver.DbProvider)" fullname="crossql.tests.Unit.DbQueryTests.ShouldBuildQueryWithOrderByDescClause(crossql.mssqlserver.DbProvider)" methodname="ShouldBuildQueryWithOrderByDescClause" classname="crossql.tests.Unit.DbQueryTests" runstate="Runnable" seed="534314481" result="Passed" start-time="2018-06-23 16:03:20Z" end-time="2018-06-23 16:03:20Z" duration="0.000568" asserts="0" />
              <test-case id="0-1046" name="ShouldBuildQueryWithOrderByDescClause(crossql.sqlite.DbProvider)" fullname="crossql.tests.Unit.DbQueryTests.ShouldBuildQueryWithOrderByDescClause(crossql.sqlite.DbProvider)" methodname="ShouldBuildQueryWithOrderByDescClause" classname="crossql.tests.Unit.DbQueryTests" runstate="Runnable" seed="2143240195" result="Passed" start-time="2018-06-23 16:03:20Z" end-time="2018-06-23 16:03:20Z" duration="0.001766" asserts="0" />
            </test-suite>
            <test-suite type="ParameterizedMethod" id="0-1023" name="ShouldStripGenericMetaFromClassNameWhenBuildingQuery" fullname="crossql.tests.Unit.DbQueryTests.ShouldStripGenericMetaFromClassNameWhenBuildingQuery" classname="crossql.tests.Unit.DbQueryTests" runstate="Runnable" testcasecount="2" result="Passed" start-time="2018-06-23 16:03:20Z" end-time="2018-06-23 16:03:20Z" duration="0.000675" total="2" passed="2" failed="0" warnings="0" inconclusive="0" skipped="0" asserts="0">
              <test-case id="0-1021" name="ShouldStripGenericMetaFromClassNameWhenBuildingQuery(crossql.mssqlserver.DbProvider)" fullname="crossql.tests.Unit.DbQueryTests.ShouldStripGenericMetaFromClassNameWhenBuildingQuery(crossql.mssqlserver.DbProvider)" methodname="ShouldStripGenericMetaFromClassNameWhenBuildingQuery" classname="crossql.tests.Unit.DbQueryTests" runstate="Runnable" seed="2081637279" result="Passed" start-time="2018-06-23 16:03:20Z" end-time="2018-06-23 16:03:20Z" duration="0.000492" asserts="0" />
              <test-case id="0-1022" name="ShouldStripGenericMetaFromClassNameWhenBuildingQuery(crossql.sqlite.DbProvider)" fullname="crossql.tests.Unit.DbQueryTests.ShouldStripGenericMetaFromClassNameWhenBuildingQuery(crossql.sqlite.DbProvider)" methodname="ShouldStripGenericMetaFromClassNameWhenBuildingQuery" classname="crossql.tests.Unit.DbQueryTests" runstate="Runnable" seed="1723422503" result="Passed" start-time="2018-06-23 16:03:20Z" end-time="2018-06-23 16:03:20Z" duration="0.000104" asserts="0" />
            </test-suite>
          </test-suite>
          <test-suite type="TestSuite" id="0-1195" name="Extensions" fullname="crossql.tests.Unit.Extensions" runstate="Runnable" testcasecount="3" result="Passed" start-time="2018-06-23 16:03:07Z" end-time="2018-06-23 16:03:20Z" duration="12.536284" total="3" passed="3" failed="0" warnings="0" inconclusive="0" skipped="0" asserts="3">
            <test-suite type="TestFixture" id="0-1073" name="PropertyEqualityComparerTests" fullname="crossql.tests.Unit.Extensions.PropertyEqualityComparerTests" classname="crossql.tests.Unit.Extensions.PropertyEqualityComparerTests" runstate="Runnable" testcasecount="3" result="Passed" start-time="2018-06-23 16:03:20Z" end-time="2018-06-23 16:03:20Z" duration="0.004732" total="3" passed="3" failed="0" warnings="0" inconclusive="0" skipped="0" asserts="3">
              <test-case id="0-1074" name="ShouldExcludeNewListFromOldList" fullname="crossql.tests.Unit.Extensions.PropertyEqualityComparerTests.ShouldExcludeNewListFromOldList" methodname="ShouldExcludeNewListFromOldList" classname="crossql.tests.Unit.Extensions.PropertyEqualityComparerTests" runstate="Runnable" seed="1651602904" result="Passed" start-time="2018-06-23 16:03:20Z" end-time="2018-06-23 16:03:20Z" duration="0.003195" asserts="1" />
              <test-case id="0-1075" name="ShouldExcludeOldListFromNewList" fullname="crossql.tests.Unit.Extensions.PropertyEqualityComparerTests.ShouldExcludeOldListFromNewList" methodname="ShouldExcludeOldListFromNewList" classname="crossql.tests.Unit.Extensions.PropertyEqualityComparerTests" runstate="Runnable" seed="1788891783" result="Passed" start-time="2018-06-23 16:03:20Z" end-time="2018-06-23 16:03:20Z" duration="0.000260" asserts="1" />
              <test-case id="0-1076" name="ShouldNotExludeAnythingWhenComparingAListToAnEmptyList" fullname="crossql.tests.Unit.Extensions.PropertyEqualityComparerTests.ShouldNotExludeAnythingWhenComparingAListToAnEmptyList" methodname="ShouldNotExludeAnythingWhenComparingAListToAnEmptyList" classname="crossql.tests.Unit.Extensions.PropertyEqualityComparerTests" runstate="Runnable" seed="1434419852" result="Passed" start-time="2018-06-23 16:03:20Z" end-time="2018-06-23 16:03:20Z" duration="0.001097" asserts="1" />
            </test-suite>
          </test-suite>
          <test-suite type="TestFixture" id="0-1051" name="InflectionTests" fullname="crossql.tests.Unit.InflectionTests" classname="crossql.tests.Unit.InflectionTests" runstate="Runnable" testcasecount="4" result="Passed" start-time="2018-06-23 16:03:20Z" end-time="2018-06-23 16:03:20Z" duration="0.000898" total="4" passed="4" failed="0" warnings="0" inconclusive="0" skipped="0" asserts="4">
            <test-case id="0-1052" name="ShouldPluralizeCorrectly" fullname="crossql.tests.Unit.InflectionTests.ShouldPluralizeCorrectly" methodname="ShouldPluralizeCorrectly" classname="crossql.tests.Unit.InflectionTests" runstate="Runnable" seed="1092729838" result="Passed" start-time="2018-06-23 16:03:20Z" end-time="2018-06-23 16:03:20Z" duration="0.000292" asserts="1" />
            <test-case id="0-1054" name="ShouldPluralizeJoinedMedia" fullname="crossql.tests.Unit.InflectionTests.ShouldPluralizeJoinedMedia" methodname="ShouldPluralizeJoinedMedia" classname="crossql.tests.Unit.InflectionTests" runstate="Runnable" seed="255404216" result="Passed" start-time="2018-06-23 16:03:20Z" end-time="2018-06-23 16:03:20Z" duration="0.000162" asserts="1" />
            <test-case id="0-1053" name="ShouldSingularizeCorrectly" fullname="crossql.tests.Unit.InflectionTests.ShouldSingularizeCorrectly" methodname="ShouldSingularizeCorrectly" classname="crossql.tests.Unit.InflectionTests" runstate="Runnable" seed="1161054822" result="Passed" start-time="2018-06-23 16:03:20Z" end-time="2018-06-23 16:03:20Z" duration="0.000146" asserts="1" />
            <test-case id="0-1055" name="ShouldSingularizeJoinedMedia" fullname="crossql.tests.Unit.InflectionTests.ShouldSingularizeJoinedMedia" methodname="ShouldSingularizeJoinedMedia" classname="crossql.tests.Unit.InflectionTests" runstate="Runnable" seed="1438236899" result="Passed" start-time="2018-06-23 16:03:20Z" end-time="2018-06-23 16:03:20Z" duration="0.000144" asserts="1" />
          </test-suite>
          <test-suite type="TestFixture" id="0-1056" name="JoinExpressionVisitorTests" fullname="crossql.tests.Unit.JoinExpressionVisitorTests" classname="crossql.tests.Unit.JoinExpressionVisitorTests" runstate="Runnable" testcasecount="2" result="Passed" start-time="2018-06-23 16:03:20Z" end-time="2018-06-23 16:03:20Z" duration="0.001071" total="2" passed="2" failed="0" warnings="0" inconclusive="0" skipped="0" asserts="2">
            <test-case id="0-1057" name="ShouldBuildInnerJoinExpression" fullname="crossql.tests.Unit.JoinExpressionVisitorTests.ShouldBuildInnerJoinExpression" methodname="ShouldBuildInnerJoinExpression" classname="crossql.tests.Unit.JoinExpressionVisitorTests" runstate="Runnable" seed="829792059" result="Passed" start-time="2018-06-23 16:03:20Z" end-time="2018-06-23 16:03:20Z" duration="0.000542" asserts="1" />
            <test-case id="0-1058" name="ShouldBuildLeftJoinExpression" fullname="crossql.tests.Unit.JoinExpressionVisitorTests.ShouldBuildLeftJoinExpression" methodname="ShouldBuildLeftJoinExpression" classname="crossql.tests.Unit.JoinExpressionVisitorTests" runstate="Runnable" seed="13091890" result="Passed" start-time="2018-06-23 16:03:20Z" end-time="2018-06-23 16:03:20Z" duration="0.000406" asserts="1" />
          </test-suite>
          <test-suite type="TestFixture" id="0-1059" name="OrderByExpressionVisitorTests" fullname="crossql.tests.Unit.OrderByExpressionVisitorTests" classname="crossql.tests.Unit.OrderByExpressionVisitorTests" runstate="Runnable" testcasecount="2" result="Passed" start-time="2018-06-23 16:03:20Z" end-time="2018-06-23 16:03:20Z" duration="0.000859" total="2" passed="2" failed="0" warnings="0" inconclusive="0" skipped="0" asserts="2">
            <test-case id="0-1060" name="ShouldBuildTheOrderExpressionFeildList" fullname="crossql.tests.Unit.OrderByExpressionVisitorTests.ShouldBuildTheOrderExpressionFeildList" methodname="ShouldBuildTheOrderExpressionFeildList" classname="crossql.tests.Unit.OrderByExpressionVisitorTests" runstate="Runnable" seed="1001180189" result="Passed" start-time="2018-06-23 16:03:20Z" end-time="2018-06-23 16:03:20Z" duration="0.000421" asserts="1" />
            <test-case id="0-1061" name="ShouldBuildTheOrderExpressionFeildListForDateTime" fullname="crossql.tests.Unit.OrderByExpressionVisitorTests.ShouldBuildTheOrderExpressionFeildListForDateTime" methodname="ShouldBuildTheOrderExpressionFeildListForDateTime" classname="crossql.tests.Unit.OrderByExpressionVisitorTests" runstate="Runnable" seed="927653885" result="Passed" start-time="2018-06-23 16:03:20Z" end-time="2018-06-23 16:03:20Z" duration="0.000301" asserts="1" />
          </test-suite>
          <test-suite type="TestSuite" id="0-1194" name="ViewModelMappers" fullname="crossql.tests.Unit.ViewModelMappers" runstate="Runnable" testcasecount="0" result="Passed" start-time="2018-06-23 16:03:07Z" end-time="2018-06-23 16:03:20Z" duration="12.539197" total="0" passed="0" failed="0" warnings="0" inconclusive="0" skipped="0" asserts="0">
            <test-suite type="TestFixture" id="0-1072" name="UserViewModelMapperTests" fullname="crossql.tests.Unit.ViewModelMappers.UserViewModelMapperTests" classname="crossql.tests.Unit.ViewModelMappers.UserViewModelMapperTests" runstate="Runnable" testcasecount="0" result="Passed" start-time="2018-06-23 16:03:20Z" end-time="2018-06-23 16:03:20Z" duration="0.000008" total="0" passed="0" failed="0" warnings="0" inconclusive="0" skipped="0" asserts="0" />
          </test-suite>
          <test-suite type="TestFixture" id="0-1062" name="WhereExpressionVisitorTests" fullname="crossql.tests.Unit.WhereExpressionVisitorTests" classname="crossql.tests.Unit.WhereExpressionVisitorTests" runstate="Runnable" testcasecount="9" result="Passed" start-time="2018-06-23 16:03:20Z" end-time="2018-06-23 16:03:20Z" duration="0.008358" total="9" passed="9" failed="0" warnings="0" inconclusive="0" skipped="0" asserts="18">
            <test-case id="0-1071" name="Should_Build_Correct_Where_Clause_For_One_To_Many_Relationships" fullname="crossql.tests.Unit.WhereExpressionVisitorTests.Should_Build_Correct_Where_Clause_For_One_To_Many_Relationships" methodname="Should_Build_Correct_Where_Clause_For_One_To_Many_Relationships" classname="crossql.tests.Unit.WhereExpressionVisitorTests" runstate="Runnable" seed="14772405" result="Passed" start-time="2018-06-23 16:03:20Z" end-time="2018-06-23 16:03:20Z" duration="0.003127" asserts="2" />
            <test-case id="0-1063" name="ShouldBuildAWhereClauseWithAnOr" fullname="crossql.tests.Unit.WhereExpressionVisitorTests.ShouldBuildAWhereClauseWithAnOr" methodname="ShouldBuildAWhereClauseWithAnOr" classname="crossql.tests.Unit.WhereExpressionVisitorTests" runstate="Runnable" seed="1661671408" result="Passed" start-time="2018-06-23 16:03:20Z" end-time="2018-06-23 16:03:20Z" duration="0.000820" asserts="2" />
            <test-case id="0-1064" name="ShouldBuildAWhereClauseWithSameFieldUsedMoreThanOnce" fullname="crossql.tests.Unit.WhereExpressionVisitorTests.ShouldBuildAWhereClauseWithSameFieldUsedMoreThanOnce" methodname="ShouldBuildAWhereClauseWithSameFieldUsedMoreThanOnce" classname="crossql.tests.Unit.WhereExpressionVisitorTests" runstate="Runnable" seed="1748359433" result="Passed" start-time="2018-06-23 16:03:20Z" end-time="2018-06-23 16:03:20Z" duration="0.000582" asserts="2" />
            <test-case id="0-1065" name="ShouldVisitExpressionByDateObject" fullname="crossql.tests.Unit.WhereExpressionVisitorTests.ShouldVisitExpressionByDateObject" methodname="ShouldVisitExpressionByDateObject" classname="crossql.tests.Unit.WhereExpressionVisitorTests" runstate="Runnable" seed="1930353989" result="Passed" start-time="2018-06-23 16:03:20Z" end-time="2018-06-23 16:03:20Z" duration="0.000761" asserts="2" />
            <test-case id="0-1066" name="ShouldVisitExpressionByGuidObject" fullname="crossql.tests.Unit.WhereExpressionVisitorTests.ShouldVisitExpressionByGuidObject" methodname="ShouldVisitExpressionByGuidObject" classname="crossql.tests.Unit.WhereExpressionVisitorTests" runstate="Runnable" seed="349205391" result="Passed" start-time="2018-06-23 16:03:20Z" end-time="2018-06-23 16:03:20Z" duration="0.000526" asserts="2" />
            <test-case id="0-1067" name="ShouldVisitExpressionByStringLiteral" fullname="crossql.tests.Unit.WhereExpressionVisitorTests.ShouldVisitExpressionByStringLiteral" methodname="ShouldVisitExpressionByStringLiteral" classname="crossql.tests.Unit.WhereExpressionVisitorTests" runstate="Runnable" seed="2029236441" result="Passed" start-time="2018-06-23 16:03:20Z" end-time="2018-06-23 16:03:20Z" duration="0.000436" asserts="2" />
            <test-case id="0-1068" name="ShouldVisitExpressionByStringMethod" fullname="crossql.tests.Unit.WhereExpressionVisitorTests.ShouldVisitExpressionByStringMethod" methodname="ShouldVisitExpressionByStringMethod" classname="crossql.tests.Unit.WhereExpressionVisitorTests" runstate="Runnable" seed="985211722" result="Passed" start-time="2018-06-23 16:03:20Z" end-time="2018-06-23 16:03:20Z" duration="0.000458" asserts="2" />
            <test-case id="0-1069" name="ShouldVisitExpressionByStringObject" fullname="crossql.tests.Unit.WhereExpressionVisitorTests.ShouldVisitExpressionByStringObject" methodname="ShouldVisitExpressionByStringObject" classname="crossql.tests.Unit.WhereExpressionVisitorTests" runstate="Runnable" seed="2012483542" result="Passed" start-time="2018-06-23 16:03:20Z" end-time="2018-06-23 16:03:20Z" duration="0.000559" asserts="2" />
            <test-case id="0-1070" name="ShouldVisitExpressionOnPublicProperties" fullname="crossql.tests.Unit.WhereExpressionVisitorTests.ShouldVisitExpressionOnPublicProperties" methodname="ShouldVisitExpressionOnPublicProperties" classname="crossql.tests.Unit.WhereExpressionVisitorTests" runstate="Runnable" seed="1909469597" result="Passed" start-time="2018-06-23 16:03:20Z" end-time="2018-06-23 16:03:20Z" duration="0.000856" asserts="2" />
          </test-suite>
        </test-suite>
      </test-suite>
    </test-suite>
  </test-suite>
</test-run>